{"C:\\Users\\flavi\\OneDrive\\Documentos\\Repositorios\\conectapet-back\\src\\app.js": {"path":"C:\\Users\\flavi\\OneDrive\\Documentos\\Repositorios\\conectapet-back\\src\\app.js","statementMap":{"0":{"start":{"line":10,"column":19},"end":{"line":10,"column":28}},"1":{"start":{"line":12,"column":0},"end":{"line":12,"column":51}},"2":{"start":{"line":14,"column":0},"end":{"line":14,"column":24}},"3":{"start":{"line":16,"column":0},"end":{"line":16,"column":61}},"4":{"start":{"line":17,"column":0},"end":{"line":17,"column":73}},"5":{"start":{"line":19,"column":0},"end":{"line":19,"column":30}},"6":{"start":{"line":20,"column":0},"end":{"line":20,"column":30}},"7":{"start":{"line":21,"column":0},"end":{"line":21,"column":28}},"8":{"start":{"line":22,"column":0},"end":{"line":22,"column":38}},"9":{"start":{"line":25,"column":0},"end":{"line":25,"column":22}}},"fnMap":{},"branchMap":{},"s":{"0":2,"1":2,"2":2,"3":2,"4":2,"5":2,"6":2,"7":2,"8":2,"9":2},"f":{},"b":{},"inputSourceMap":null,"_coverageSchema":"1a1c01bbd47fc00a2c39e90264f33305004495a9","hash":"2b8c67a5856f54297a0dac448c0ce53efce6da40"}
,"C:\\Users\\flavi\\OneDrive\\Documentos\\Repositorios\\conectapet-back\\src\\config\\database.js": {"path":"C:\\Users\\flavi\\OneDrive\\Documentos\\Repositorios\\conectapet-back\\src\\config\\database.js","statementMap":{"0":{"start":{"line":2,"column":0},"end":{"line":2,"column":9}},"1":{"start":{"line":6,"column":12},"end":{"line":6,"column":49}},"2":{"start":{"line":10,"column":0},"end":{"line":27,"column":1}},"3":{"start":{"line":11,"column":2},"end":{"line":15,"column":5}},"4":{"start":{"line":17,"column":2},"end":{"line":26,"column":4}},"5":{"start":{"line":29,"column":26},"end":{"line":29,"column":35}}},"fnMap":{},"branchMap":{"0":{"loc":{"start":{"line":6,"column":12},"end":{"line":6,"column":49}},"type":"binary-expr","locations":[{"start":{"line":6,"column":12},"end":{"line":6,"column":32}},{"start":{"line":6,"column":36},"end":{"line":6,"column":49}}],"line":6},"1":{"loc":{"start":{"line":10,"column":0},"end":{"line":27,"column":1}},"type":"if","locations":[{"start":{"line":10,"column":0},"end":{"line":27,"column":1}},{"start":{"line":16,"column":7},"end":{"line":27,"column":1}}],"line":10},"2":{"loc":{"start":{"line":23,"column":15},"end":{"line":23,"column":48}},"type":"binary-expr","locations":[{"start":{"line":23,"column":15},"end":{"line":23,"column":37}},{"start":{"line":23,"column":41},"end":{"line":23,"column":48}}],"line":23}},"s":{"0":2,"1":2,"2":2,"3":2,"4":0,"5":2},"f":{},"b":{"0":[2,0],"1":[2,0],"2":[0,0]},"inputSourceMap":null,"_coverageSchema":"1a1c01bbd47fc00a2c39e90264f33305004495a9","hash":"846b7e49be7a7c012806f540d78d47845f4be11b"}
,"C:\\Users\\flavi\\OneDrive\\Documentos\\Repositorios\\conectapet-back\\src\\controllers\\adoption.controller.js": {"path":"C:\\Users\\flavi\\OneDrive\\Documentos\\Repositorios\\conectapet-back\\src\\controllers\\adoption.controller.js","statementMap":{"0":{"start":{"line":4,"column":34},"end":{"line":86,"column":1}},"1":{"start":{"line":6,"column":22},"end":{"line":6,"column":59}},"2":{"start":{"line":7,"column":4},"end":{"line":9,"column":5}},"3":{"start":{"line":8,"column":6},"end":{"line":8,"column":70}},"4":{"start":{"line":11,"column":4},"end":{"line":16,"column":5}},"5":{"start":{"line":12,"column":23},"end":{"line":12,"column":69}},"6":{"start":{"line":13,"column":6},"end":{"line":13,"column":37}},"7":{"start":{"line":15,"column":6},"end":{"line":15,"column":75}},"8":{"start":{"line":20,"column":2},"end":{"line":33,"column":3}},"9":{"start":{"line":21,"column":22},"end":{"line":21,"column":31}},"10":{"start":{"line":24,"column":4},"end":{"line":28,"column":5}},"11":{"start":{"line":25,"column":6},"end":{"line":25,"column":67}},"12":{"start":{"line":27,"column":6},"end":{"line":27,"column":58}},"13":{"start":{"line":30,"column":4},"end":{"line":30,"column":24}},"14":{"start":{"line":32,"column":4},"end":{"line":32,"column":53}},"15":{"start":{"line":37,"column":4},"end":{"line":45,"column":5}},"16":{"start":{"line":38,"column":23},"end":{"line":38,"column":75}},"17":{"start":{"line":39,"column":6},"end":{"line":41,"column":7}},"18":{"start":{"line":40,"column":8},"end":{"line":40,"column":72}},"19":{"start":{"line":42,"column":6},"end":{"line":42,"column":25}},"20":{"start":{"line":44,"column":6},"end":{"line":44,"column":75}},"21":{"start":{"line":49,"column":22},"end":{"line":49,"column":62}},"22":{"start":{"line":51,"column":4},"end":{"line":53,"column":5}},"23":{"start":{"line":52,"column":6},"end":{"line":52,"column":70}},"24":{"start":{"line":55,"column":4},"end":{"line":69,"column":5}},"25":{"start":{"line":56,"column":23},"end":{"line":59,"column":7}},"26":{"start":{"line":60,"column":6},"end":{"line":60,"column":25}},"27":{"start":{"line":62,"column":6},"end":{"line":67,"column":7}},"28":{"start":{"line":66,"column":8},"end":{"line":66,"column":64}},"29":{"start":{"line":68,"column":6},"end":{"line":68,"column":75}},"30":{"start":{"line":73,"column":4},"end":{"line":84,"column":5}},"31":{"start":{"line":74,"column":6},"end":{"line":74,"column":58}},"32":{"start":{"line":75,"column":6},"end":{"line":75,"column":29}},"33":{"start":{"line":77,"column":6},"end":{"line":82,"column":7}},"34":{"start":{"line":81,"column":8},"end":{"line":81,"column":64}},"35":{"start":{"line":83,"column":6},"end":{"line":83,"column":75}}},"fnMap":{"0":{"name":"(anonymous_0)","decl":{"start":{"line":5,"column":2},"end":{"line":5,"column":3}},"loc":{"start":{"line":5,"column":25},"end":{"line":17,"column":3}},"line":5},"1":{"name":"(anonymous_1)","decl":{"start":{"line":19,"column":2},"end":{"line":19,"column":3}},"loc":{"start":{"line":19,"column":25},"end":{"line":34,"column":1}},"line":19},"2":{"name":"(anonymous_2)","decl":{"start":{"line":36,"column":2},"end":{"line":36,"column":3}},"loc":{"start":{"line":36,"column":26},"end":{"line":46,"column":3}},"line":36},"3":{"name":"(anonymous_3)","decl":{"start":{"line":48,"column":2},"end":{"line":48,"column":3}},"loc":{"start":{"line":48,"column":25},"end":{"line":70,"column":3}},"line":48},"4":{"name":"(anonymous_4)","decl":{"start":{"line":72,"column":2},"end":{"line":72,"column":3}},"loc":{"start":{"line":72,"column":25},"end":{"line":85,"column":3}},"line":72}},"branchMap":{"0":{"loc":{"start":{"line":7,"column":4},"end":{"line":9,"column":5}},"type":"if","locations":[{"start":{"line":7,"column":4},"end":{"line":9,"column":5}},{"start":{},"end":{}}],"line":7},"1":{"loc":{"start":{"line":15,"column":17},"end":{"line":15,"column":40}},"type":"binary-expr","locations":[{"start":{"line":15,"column":17},"end":{"line":15,"column":33}},{"start":{"line":15,"column":37},"end":{"line":15,"column":40}}],"line":15},"2":{"loc":{"start":{"line":24,"column":4},"end":{"line":28,"column":5}},"type":"if","locations":[{"start":{"line":24,"column":4},"end":{"line":28,"column":5}},{"start":{"line":26,"column":11},"end":{"line":28,"column":5}}],"line":24},"3":{"loc":{"start":{"line":39,"column":6},"end":{"line":41,"column":7}},"type":"if","locations":[{"start":{"line":39,"column":6},"end":{"line":41,"column":7}},{"start":{},"end":{}}],"line":39},"4":{"loc":{"start":{"line":44,"column":17},"end":{"line":44,"column":40}},"type":"binary-expr","locations":[{"start":{"line":44,"column":17},"end":{"line":44,"column":33}},{"start":{"line":44,"column":37},"end":{"line":44,"column":40}}],"line":44},"5":{"loc":{"start":{"line":51,"column":4},"end":{"line":53,"column":5}},"type":"if","locations":[{"start":{"line":51,"column":4},"end":{"line":53,"column":5}},{"start":{},"end":{}}],"line":51},"6":{"loc":{"start":{"line":62,"column":6},"end":{"line":67,"column":7}},"type":"if","locations":[{"start":{"line":62,"column":6},"end":{"line":67,"column":7}},{"start":{},"end":{}}],"line":62},"7":{"loc":{"start":{"line":63,"column":8},"end":{"line":64,"column":32}},"type":"binary-expr","locations":[{"start":{"line":63,"column":8},"end":{"line":63,"column":49}},{"start":{"line":64,"column":8},"end":{"line":64,"column":32}}],"line":63},"8":{"loc":{"start":{"line":68,"column":17},"end":{"line":68,"column":40}},"type":"binary-expr","locations":[{"start":{"line":68,"column":17},"end":{"line":68,"column":33}},{"start":{"line":68,"column":37},"end":{"line":68,"column":40}}],"line":68},"9":{"loc":{"start":{"line":77,"column":6},"end":{"line":82,"column":7}},"type":"if","locations":[{"start":{"line":77,"column":6},"end":{"line":82,"column":7}},{"start":{},"end":{}}],"line":77},"10":{"loc":{"start":{"line":78,"column":8},"end":{"line":79,"column":32}},"type":"binary-expr","locations":[{"start":{"line":78,"column":8},"end":{"line":78,"column":49}},{"start":{"line":79,"column":8},"end":{"line":79,"column":32}}],"line":78},"11":{"loc":{"start":{"line":83,"column":17},"end":{"line":83,"column":40}},"type":"binary-expr","locations":[{"start":{"line":83,"column":17},"end":{"line":83,"column":33}},{"start":{"line":83,"column":37},"end":{"line":83,"column":40}}],"line":83}},"s":{"0":2,"1":0,"2":0,"3":0,"4":0,"5":0,"6":0,"7":0,"8":0,"9":0,"10":0,"11":0,"12":0,"13":0,"14":0,"15":0,"16":0,"17":0,"18":0,"19":0,"20":0,"21":0,"22":0,"23":0,"24":0,"25":0,"26":0,"27":0,"28":0,"29":0,"30":0,"31":0,"32":0,"33":0,"34":0,"35":0},"f":{"0":0,"1":0,"2":0,"3":0,"4":0},"b":{"0":[0,0],"1":[0,0],"2":[0,0],"3":[0,0],"4":[0,0],"5":[0,0],"6":[0,0],"7":[0,0],"8":[0,0],"9":[0,0],"10":[0,0],"11":[0,0]},"inputSourceMap":null,"_coverageSchema":"1a1c01bbd47fc00a2c39e90264f33305004495a9","hash":"333901165d95b06652e0ec0cce0fbf70d1643a0a"}
,"C:\\Users\\flavi\\OneDrive\\Documentos\\Repositorios\\conectapet-back\\src\\controllers\\auth.controller.js": {"path":"C:\\Users\\flavi\\OneDrive\\Documentos\\Repositorios\\conectapet-back\\src\\controllers\\auth.controller.js","statementMap":{"0":{"start":{"line":4,"column":2},"end":{"line":10,"column":3}},"1":{"start":{"line":5,"column":29},"end":{"line":5,"column":37}},"2":{"start":{"line":6,"column":19},"end":{"line":6,"column":56}},"3":{"start":{"line":7,"column":4},"end":{"line":7,"column":21}},"4":{"start":{"line":9,"column":4},"end":{"line":9,"column":16}},"5":{"start":{"line":14,"column":2},"end":{"line":20,"column":3}},"6":{"start":{"line":15,"column":29},"end":{"line":15,"column":37}},"7":{"start":{"line":16,"column":19},"end":{"line":16,"column":57}},"8":{"start":{"line":17,"column":4},"end":{"line":17,"column":21}},"9":{"start":{"line":19,"column":4},"end":{"line":19,"column":16}}},"fnMap":{"0":{"name":"loginController","decl":{"start":{"line":3,"column":22},"end":{"line":3,"column":37}},"loc":{"start":{"line":3,"column":54},"end":{"line":11,"column":1}},"line":3},"1":{"name":"refreshTokenController","decl":{"start":{"line":13,"column":22},"end":{"line":13,"column":44}},"loc":{"start":{"line":13,"column":61},"end":{"line":21,"column":1}},"line":13}},"branchMap":{},"s":{"0":1,"1":1,"2":1,"3":1,"4":0,"5":0,"6":0,"7":0,"8":0,"9":0},"f":{"0":1,"1":0},"b":{},"inputSourceMap":null,"_coverageSchema":"1a1c01bbd47fc00a2c39e90264f33305004495a9","hash":"66c8c7509092d354f2e1c377875a64e4ce02ec0c"}
,"C:\\Users\\flavi\\OneDrive\\Documentos\\Repositorios\\conectapet-back\\src\\controllers\\pet.controller.js": {"path":"C:\\Users\\flavi\\OneDrive\\Documentos\\Repositorios\\conectapet-back\\src\\controllers\\pet.controller.js","statementMap":{"0":{"start":{"line":6,"column":29},"end":{"line":137,"column":1}},"1":{"start":{"line":8,"column":22},"end":{"line":8,"column":54}},"2":{"start":{"line":9,"column":4},"end":{"line":11,"column":5}},"3":{"start":{"line":10,"column":6},"end":{"line":10,"column":70}},"4":{"start":{"line":13,"column":4},"end":{"line":23,"column":5}},"5":{"start":{"line":14,"column":22},"end":{"line":17,"column":7}},"6":{"start":{"line":19,"column":18},"end":{"line":19,"column":53}},"7":{"start":{"line":20,"column":6},"end":{"line":20,"column":32}},"8":{"start":{"line":22,"column":6},"end":{"line":22,"column":53}},"9":{"start":{"line":27,"column":4},"end":{"line":40,"column":5}},"10":{"start":{"line":28,"column":19},"end":{"line":28,"column":48}},"11":{"start":{"line":30,"column":22},"end":{"line":30,"column":62}},"12":{"start":{"line":32,"column":31},"end":{"line":35,"column":9}},"13":{"start":{"line":32,"column":50},"end":{"line":35,"column":7}},"14":{"start":{"line":37,"column":6},"end":{"line":37,"column":33}},"15":{"start":{"line":39,"column":6},"end":{"line":39,"column":53}},"16":{"start":{"line":44,"column":4},"end":{"line":59,"column":5}},"17":{"start":{"line":45,"column":18},"end":{"line":45,"column":60}},"18":{"start":{"line":46,"column":6},"end":{"line":48,"column":7}},"19":{"start":{"line":47,"column":8},"end":{"line":47,"column":69}},"20":{"start":{"line":50,"column":22},"end":{"line":50,"column":60}},"21":{"start":{"line":51,"column":30},"end":{"line":54,"column":7}},"22":{"start":{"line":56,"column":6},"end":{"line":56,"column":32}},"23":{"start":{"line":58,"column":6},"end":{"line":58,"column":53}},"24":{"start":{"line":63,"column":4},"end":{"line":94,"column":5}},"25":{"start":{"line":64,"column":27},"end":{"line":64,"column":69}},"26":{"start":{"line":65,"column":6},"end":{"line":67,"column":7}},"27":{"start":{"line":66,"column":8},"end":{"line":66,"column":69}},"28":{"start":{"line":69,"column":22},"end":{"line":72,"column":7}},"29":{"start":{"line":74,"column":6},"end":{"line":82,"column":7}},"30":{"start":{"line":75,"column":33},"end":{"line":75,"column":101}},"31":{"start":{"line":76,"column":8},"end":{"line":80,"column":9}},"32":{"start":{"line":77,"column":10},"end":{"line":77,"column":44}},"33":{"start":{"line":79,"column":10},"end":{"line":79,"column":83}},"34":{"start":{"line":81,"column":8},"end":{"line":81,"column":43}},"35":{"start":{"line":84,"column":24},"end":{"line":84,"column":61}},"36":{"start":{"line":85,"column":6},"end":{"line":87,"column":7}},"37":{"start":{"line":86,"column":8},"end":{"line":86,"column":73}},"38":{"start":{"line":89,"column":28},"end":{"line":89,"column":78}},"39":{"start":{"line":90,"column":6},"end":{"line":90,"column":30}},"40":{"start":{"line":92,"column":6},"end":{"line":92,"column":27}},"41":{"start":{"line":93,"column":6},"end":{"line":93,"column":53}},"42":{"start":{"line":98,"column":4},"end":{"line":111,"column":5}},"43":{"start":{"line":99,"column":21},"end":{"line":99,"column":31}},"44":{"start":{"line":100,"column":25},"end":{"line":100,"column":33}},"45":{"start":{"line":102,"column":6},"end":{"line":104,"column":7}},"46":{"start":{"line":103,"column":8},"end":{"line":103,"column":71}},"47":{"start":{"line":106,"column":6},"end":{"line":106,"column":51}},"48":{"start":{"line":108,"column":6},"end":{"line":108,"column":73}},"49":{"start":{"line":110,"column":6},"end":{"line":110,"column":53}},"50":{"start":{"line":115,"column":4},"end":{"line":135,"column":5}},"51":{"start":{"line":116,"column":18},"end":{"line":116,"column":60}},"52":{"start":{"line":117,"column":6},"end":{"line":119,"column":7}},"53":{"start":{"line":118,"column":8},"end":{"line":118,"column":69}},"54":{"start":{"line":121,"column":6},"end":{"line":121,"column":48}},"55":{"start":{"line":123,"column":6},"end":{"line":130,"column":7}},"56":{"start":{"line":124,"column":26},"end":{"line":124,"column":58}},"57":{"start":{"line":125,"column":8},"end":{"line":129,"column":11}},"58":{"start":{"line":126,"column":10},"end":{"line":128,"column":11}},"59":{"start":{"line":127,"column":12},"end":{"line":127,"column":60}},"60":{"start":{"line":132,"column":6},"end":{"line":132,"column":29}},"61":{"start":{"line":134,"column":6},"end":{"line":134,"column":53}}},"fnMap":{"0":{"name":"(anonymous_0)","decl":{"start":{"line":7,"column":2},"end":{"line":7,"column":3}},"loc":{"start":{"line":7,"column":25},"end":{"line":24,"column":3}},"line":7},"1":{"name":"(anonymous_1)","decl":{"start":{"line":26,"column":2},"end":{"line":26,"column":3}},"loc":{"start":{"line":26,"column":26},"end":{"line":41,"column":3}},"line":26},"2":{"name":"(anonymous_2)","decl":{"start":{"line":32,"column":40},"end":{"line":32,"column":41}},"loc":{"start":{"line":32,"column":50},"end":{"line":35,"column":7}},"line":32},"3":{"name":"(anonymous_3)","decl":{"start":{"line":43,"column":2},"end":{"line":43,"column":3}},"loc":{"start":{"line":43,"column":26},"end":{"line":60,"column":3}},"line":43},"4":{"name":"(anonymous_4)","decl":{"start":{"line":62,"column":2},"end":{"line":62,"column":3}},"loc":{"start":{"line":62,"column":25},"end":{"line":95,"column":3}},"line":62},"5":{"name":"(anonymous_5)","decl":{"start":{"line":97,"column":2},"end":{"line":97,"column":3}},"loc":{"start":{"line":97,"column":31},"end":{"line":112,"column":3}},"line":97},"6":{"name":"(anonymous_6)","decl":{"start":{"line":114,"column":2},"end":{"line":114,"column":3}},"loc":{"start":{"line":114,"column":25},"end":{"line":136,"column":3}},"line":114},"7":{"name":"(anonymous_7)","decl":{"start":{"line":125,"column":29},"end":{"line":125,"column":30}},"loc":{"start":{"line":125,"column":38},"end":{"line":129,"column":9}},"line":125}},"branchMap":{"0":{"loc":{"start":{"line":9,"column":4},"end":{"line":11,"column":5}},"type":"if","locations":[{"start":{"line":9,"column":4},"end":{"line":11,"column":5}},{"start":{},"end":{}}],"line":9},"1":{"loc":{"start":{"line":34,"column":19},"end":{"line":34,"column":73}},"type":"cond-expr","locations":[{"start":{"line":34,"column":32},"end":{"line":34,"column":66}},{"start":{"line":34,"column":69},"end":{"line":34,"column":73}}],"line":34},"2":{"loc":{"start":{"line":46,"column":6},"end":{"line":48,"column":7}},"type":"if","locations":[{"start":{"line":46,"column":6},"end":{"line":48,"column":7}},{"start":{},"end":{}}],"line":46},"3":{"loc":{"start":{"line":53,"column":19},"end":{"line":53,"column":73}},"type":"cond-expr","locations":[{"start":{"line":53,"column":32},"end":{"line":53,"column":66}},{"start":{"line":53,"column":69},"end":{"line":53,"column":73}}],"line":53},"4":{"loc":{"start":{"line":65,"column":6},"end":{"line":67,"column":7}},"type":"if","locations":[{"start":{"line":65,"column":6},"end":{"line":67,"column":7}},{"start":{},"end":{}}],"line":65},"5":{"loc":{"start":{"line":74,"column":6},"end":{"line":82,"column":7}},"type":"if","locations":[{"start":{"line":74,"column":6},"end":{"line":82,"column":7}},{"start":{},"end":{}}],"line":74},"6":{"loc":{"start":{"line":85,"column":6},"end":{"line":87,"column":7}},"type":"if","locations":[{"start":{"line":85,"column":6},"end":{"line":87,"column":7}},{"start":{},"end":{}}],"line":85},"7":{"loc":{"start":{"line":102,"column":6},"end":{"line":104,"column":7}},"type":"if","locations":[{"start":{"line":102,"column":6},"end":{"line":104,"column":7}},{"start":{},"end":{}}],"line":102},"8":{"loc":{"start":{"line":117,"column":6},"end":{"line":119,"column":7}},"type":"if","locations":[{"start":{"line":117,"column":6},"end":{"line":119,"column":7}},{"start":{},"end":{}}],"line":117},"9":{"loc":{"start":{"line":123,"column":6},"end":{"line":130,"column":7}},"type":"if","locations":[{"start":{"line":123,"column":6},"end":{"line":130,"column":7}},{"start":{},"end":{}}],"line":123},"10":{"loc":{"start":{"line":126,"column":10},"end":{"line":128,"column":11}},"type":"if","locations":[{"start":{"line":126,"column":10},"end":{"line":128,"column":11}},{"start":{},"end":{}}],"line":126}},"s":{"0":2,"1":1,"2":1,"3":0,"4":1,"5":1,"6":1,"7":1,"8":0,"9":1,"10":1,"11":1,"12":1,"13":1,"14":1,"15":0,"16":1,"17":1,"18":1,"19":0,"20":1,"21":1,"22":1,"23":0,"24":1,"25":1,"26":1,"27":0,"28":1,"29":1,"30":0,"31":0,"32":0,"33":0,"34":0,"35":1,"36":1,"37":0,"38":1,"39":1,"40":0,"41":0,"42":0,"43":0,"44":0,"45":0,"46":0,"47":0,"48":0,"49":0,"50":2,"51":2,"52":2,"53":1,"54":1,"55":1,"56":1,"57":1,"58":1,"59":0,"60":1,"61":0},"f":{"0":1,"1":1,"2":1,"3":1,"4":1,"5":0,"6":2,"7":1},"b":{"0":[0,1],"1":[1,0],"2":[0,1],"3":[1,0],"4":[0,1],"5":[0,1],"6":[0,1],"7":[0,0],"8":[1,1],"9":[1,0],"10":[0,1]},"inputSourceMap":null,"_coverageSchema":"1a1c01bbd47fc00a2c39e90264f33305004495a9","hash":"1fbbb04bb7181885cd75c75b6f8bd0ac03a2f8bc"}
,"C:\\Users\\flavi\\OneDrive\\Documentos\\Repositorios\\conectapet-back\\src\\controllers\\user.controller.js": {"path":"C:\\Users\\flavi\\OneDrive\\Documentos\\Repositorios\\conectapet-back\\src\\controllers\\user.controller.js","statementMap":{"0":{"start":{"line":10,"column":2},"end":{"line":13,"column":4}},"1":{"start":{"line":30,"column":30},"end":{"line":190,"column":1}},"2":{"start":{"line":32,"column":4},"end":{"line":37,"column":5}},"3":{"start":{"line":33,"column":20},"end":{"line":33,"column":51}},"4":{"start":{"line":34,"column":6},"end":{"line":34,"column":22}},"5":{"start":{"line":36,"column":6},"end":{"line":36,"column":53}},"6":{"start":{"line":41,"column":4},"end":{"line":49,"column":5}},"7":{"start":{"line":42,"column":19},"end":{"line":42,"column":63}},"8":{"start":{"line":43,"column":6},"end":{"line":45,"column":7}},"9":{"start":{"line":44,"column":8},"end":{"line":44,"column":74}},"10":{"start":{"line":46,"column":6},"end":{"line":46,"column":21}},"11":{"start":{"line":48,"column":6},"end":{"line":48,"column":53}},"12":{"start":{"line":53,"column":4},"end":{"line":111,"column":5}},"13":{"start":{"line":54,"column":24},"end":{"line":54,"column":64}},"14":{"start":{"line":55,"column":6},"end":{"line":57,"column":7}},"15":{"start":{"line":56,"column":8},"end":{"line":56,"column":73}},"16":{"start":{"line":59,"column":43},"end":{"line":59,"column":51}},"17":{"start":{"line":62,"column":26},"end":{"line":62,"column":73}},"18":{"start":{"line":63,"column":27},"end":{"line":63,"column":67}},"19":{"start":{"line":64,"column":6},"end":{"line":68,"column":7}},"20":{"start":{"line":65,"column":8},"end":{"line":67,"column":71}},"21":{"start":{"line":70,"column":51},"end":{"line":70,"column":77}},"22":{"start":{"line":71,"column":6},"end":{"line":83,"column":7}},"23":{"start":{"line":73,"column":8},"end":{"line":73,"column":71}},"24":{"start":{"line":74,"column":26},"end":{"line":74,"column":78}},"25":{"start":{"line":75,"column":8},"end":{"line":79,"column":9}},"26":{"start":{"line":76,"column":10},"end":{"line":78,"column":74}},"27":{"start":{"line":80,"column":8},"end":{"line":82,"column":64}},"28":{"start":{"line":86,"column":24},"end":{"line":86,"column":52}},"29":{"start":{"line":87,"column":30},"end":{"line":95,"column":8}},"30":{"start":{"line":96,"column":24},"end":{"line":96,"column":76}},"31":{"start":{"line":97,"column":6},"end":{"line":102,"column":7}},"32":{"start":{"line":98,"column":8},"end":{"line":98,"column":56}},"33":{"start":{"line":99,"column":8},"end":{"line":101,"column":72}},"34":{"start":{"line":103,"column":6},"end":{"line":108,"column":9}},"35":{"start":{"line":110,"column":6},"end":{"line":110,"column":76}},"36":{"start":{"line":115,"column":4},"end":{"line":150,"column":5}},"37":{"start":{"line":116,"column":42},"end":{"line":116,"column":50}},"38":{"start":{"line":117,"column":22},"end":{"line":117,"column":69}},"39":{"start":{"line":118,"column":6},"end":{"line":122,"column":7}},"40":{"start":{"line":119,"column":8},"end":{"line":121,"column":61}},"41":{"start":{"line":123,"column":6},"end":{"line":130,"column":7}},"42":{"start":{"line":127,"column":8},"end":{"line":129,"column":61}},"43":{"start":{"line":133,"column":27},"end":{"line":133,"column":82}},"44":{"start":{"line":134,"column":6},"end":{"line":136,"column":7}},"45":{"start":{"line":135,"column":8},"end":{"line":135,"column":91}},"46":{"start":{"line":137,"column":22},"end":{"line":143,"column":8}},"47":{"start":{"line":144,"column":6},"end":{"line":144,"column":30}},"48":{"start":{"line":145,"column":6},"end":{"line":147,"column":76}},"49":{"start":{"line":149,"column":6},"end":{"line":149,"column":76}},"50":{"start":{"line":154,"column":22},"end":{"line":154,"column":61}},"51":{"start":{"line":155,"column":4},"end":{"line":157,"column":5}},"52":{"start":{"line":156,"column":6},"end":{"line":156,"column":71}},"53":{"start":{"line":159,"column":4},"end":{"line":176,"column":5}},"54":{"start":{"line":160,"column":22},"end":{"line":160,"column":75}},"55":{"start":{"line":161,"column":6},"end":{"line":172,"column":7}},"56":{"start":{"line":162,"column":23},"end":{"line":162,"column":67}},"57":{"start":{"line":163,"column":8},"end":{"line":165,"column":9}},"58":{"start":{"line":164,"column":10},"end":{"line":164,"column":76}},"59":{"start":{"line":166,"column":8},"end":{"line":171,"column":13}},"60":{"start":{"line":173,"column":6},"end":{"line":173,"column":24}},"61":{"start":{"line":175,"column":6},"end":{"line":175,"column":53}},"62":{"start":{"line":180,"column":4},"end":{"line":188,"column":5}},"63":{"start":{"line":181,"column":22},"end":{"line":181,"column":65}},"64":{"start":{"line":182,"column":6},"end":{"line":184,"column":7}},"65":{"start":{"line":183,"column":8},"end":{"line":183,"column":74}},"66":{"start":{"line":185,"column":6},"end":{"line":185,"column":29}},"67":{"start":{"line":187,"column":6},"end":{"line":187,"column":53}}},"fnMap":{"0":{"name":"generateVerificationData","decl":{"start":{"line":9,"column":9},"end":{"line":9,"column":33}},"loc":{"start":{"line":9,"column":36},"end":{"line":14,"column":1}},"line":9},"1":{"name":"(anonymous_1)","decl":{"start":{"line":31,"column":2},"end":{"line":31,"column":3}},"loc":{"start":{"line":31,"column":26},"end":{"line":38,"column":3}},"line":31},"2":{"name":"(anonymous_2)","decl":{"start":{"line":40,"column":2},"end":{"line":40,"column":3}},"loc":{"start":{"line":40,"column":26},"end":{"line":50,"column":3}},"line":40},"3":{"name":"(anonymous_3)","decl":{"start":{"line":52,"column":2},"end":{"line":52,"column":3}},"loc":{"start":{"line":52,"column":38},"end":{"line":112,"column":3}},"line":52},"4":{"name":"(anonymous_4)","decl":{"start":{"line":114,"column":2},"end":{"line":114,"column":3}},"loc":{"start":{"line":114,"column":30},"end":{"line":151,"column":3}},"line":114},"5":{"name":"(anonymous_5)","decl":{"start":{"line":153,"column":2},"end":{"line":153,"column":3}},"loc":{"start":{"line":153,"column":25},"end":{"line":177,"column":3}},"line":153},"6":{"name":"(anonymous_6)","decl":{"start":{"line":179,"column":2},"end":{"line":179,"column":3}},"loc":{"start":{"line":179,"column":25},"end":{"line":189,"column":3}},"line":179}},"branchMap":{"0":{"loc":{"start":{"line":43,"column":6},"end":{"line":45,"column":7}},"type":"if","locations":[{"start":{"line":43,"column":6},"end":{"line":45,"column":7}},{"start":{},"end":{}}],"line":43},"1":{"loc":{"start":{"line":55,"column":6},"end":{"line":57,"column":7}},"type":"if","locations":[{"start":{"line":55,"column":6},"end":{"line":57,"column":7}},{"start":{},"end":{}}],"line":55},"2":{"loc":{"start":{"line":64,"column":6},"end":{"line":68,"column":7}},"type":"if","locations":[{"start":{"line":64,"column":6},"end":{"line":68,"column":7}},{"start":{},"end":{}}],"line":64},"3":{"loc":{"start":{"line":64,"column":10},"end":{"line":64,"column":52}},"type":"binary-expr","locations":[{"start":{"line":64,"column":10},"end":{"line":64,"column":22}},{"start":{"line":64,"column":26},"end":{"line":64,"column":52}}],"line":64},"4":{"loc":{"start":{"line":71,"column":6},"end":{"line":83,"column":7}},"type":"if","locations":[{"start":{"line":71,"column":6},"end":{"line":83,"column":7}},{"start":{},"end":{}}],"line":71},"5":{"loc":{"start":{"line":75,"column":8},"end":{"line":79,"column":9}},"type":"if","locations":[{"start":{"line":75,"column":8},"end":{"line":79,"column":9}},{"start":{},"end":{}}],"line":75},"6":{"loc":{"start":{"line":97,"column":6},"end":{"line":102,"column":7}},"type":"if","locations":[{"start":{"line":97,"column":6},"end":{"line":102,"column":7}},{"start":{},"end":{}}],"line":97},"7":{"loc":{"start":{"line":118,"column":6},"end":{"line":122,"column":7}},"type":"if","locations":[{"start":{"line":118,"column":6},"end":{"line":122,"column":7}},{"start":{},"end":{}}],"line":118},"8":{"loc":{"start":{"line":123,"column":6},"end":{"line":130,"column":7}},"type":"if","locations":[{"start":{"line":123,"column":6},"end":{"line":130,"column":7}},{"start":{},"end":{}}],"line":123},"9":{"loc":{"start":{"line":124,"column":8},"end":{"line":125,"column":53}},"type":"binary-expr","locations":[{"start":{"line":124,"column":8},"end":{"line":124,"column":53}},{"start":{"line":125,"column":8},"end":{"line":125,"column":53}}],"line":124},"10":{"loc":{"start":{"line":134,"column":6},"end":{"line":136,"column":7}},"type":"if","locations":[{"start":{"line":134,"column":6},"end":{"line":136,"column":7}},{"start":{},"end":{}}],"line":134},"11":{"loc":{"start":{"line":155,"column":4},"end":{"line":157,"column":5}},"type":"if","locations":[{"start":{"line":155,"column":4},"end":{"line":157,"column":5}},{"start":{},"end":{}}],"line":155},"12":{"loc":{"start":{"line":161,"column":6},"end":{"line":172,"column":7}},"type":"if","locations":[{"start":{"line":161,"column":6},"end":{"line":172,"column":7}},{"start":{},"end":{}}],"line":161},"13":{"loc":{"start":{"line":163,"column":8},"end":{"line":165,"column":9}},"type":"if","locations":[{"start":{"line":163,"column":8},"end":{"line":165,"column":9}},{"start":{},"end":{}}],"line":163},"14":{"loc":{"start":{"line":182,"column":6},"end":{"line":184,"column":7}},"type":"if","locations":[{"start":{"line":182,"column":6},"end":{"line":184,"column":7}},{"start":{},"end":{}}],"line":182}},"s":{"0":4,"1":2,"2":1,"3":1,"4":1,"5":0,"6":2,"7":2,"8":2,"9":1,"10":1,"11":0,"12":6,"13":6,"14":6,"15":1,"16":5,"17":5,"18":5,"19":5,"20":1,"21":4,"22":4,"23":1,"24":1,"25":1,"26":0,"27":1,"28":3,"29":3,"30":3,"31":3,"32":0,"33":0,"34":3,"35":0,"36":2,"37":2,"38":2,"39":2,"40":0,"41":2,"42":0,"43":2,"44":2,"45":0,"46":2,"47":2,"48":2,"49":0,"50":3,"51":3,"52":1,"53":2,"54":2,"55":2,"56":1,"57":1,"58":1,"59":0,"60":1,"61":0,"62":2,"63":2,"64":2,"65":1,"66":1,"67":0},"f":{"0":4,"1":1,"2":2,"3":6,"4":2,"5":3,"6":2},"b":{"0":[1,1],"1":[1,5],"2":[1,4],"3":[5,1],"4":[1,3],"5":[0,1],"6":[0,3],"7":[0,2],"8":[0,2],"9":[2,2],"10":[0,2],"11":[1,2],"12":[1,1],"13":[1,0],"14":[1,1]},"inputSourceMap":null,"_coverageSchema":"1a1c01bbd47fc00a2c39e90264f33305004495a9","hash":"2de7b36e3d82022ee106b1b1dfb70d628e9434f7"}
,"C:\\Users\\flavi\\OneDrive\\Documentos\\Repositorios\\conectapet-back\\src\\middlewares\\auth.middleware.js": {"path":"C:\\Users\\flavi\\OneDrive\\Documentos\\Repositorios\\conectapet-back\\src\\middlewares\\auth.middleware.js","statementMap":{"0":{"start":{"line":4,"column":2},"end":{"line":25,"column":3}},"1":{"start":{"line":5,"column":23},"end":{"line":5,"column":48}},"2":{"start":{"line":7,"column":4},"end":{"line":11,"column":5}},"3":{"start":{"line":8,"column":20},"end":{"line":8,"column":52}},"4":{"start":{"line":9,"column":6},"end":{"line":9,"column":29}},"5":{"start":{"line":10,"column":6},"end":{"line":10,"column":18}},"6":{"start":{"line":13,"column":28},"end":{"line":13,"column":49}},"7":{"start":{"line":14,"column":4},"end":{"line":18,"column":5}},"8":{"start":{"line":15,"column":20},"end":{"line":15,"column":52}},"9":{"start":{"line":16,"column":6},"end":{"line":16,"column":29}},"10":{"start":{"line":17,"column":6},"end":{"line":17,"column":18}},"11":{"start":{"line":20,"column":20},"end":{"line":20,"column":50}},"12":{"start":{"line":21,"column":4},"end":{"line":21,"column":23}},"13":{"start":{"line":22,"column":4},"end":{"line":22,"column":11}},"14":{"start":{"line":24,"column":4},"end":{"line":24,"column":14}},"15":{"start":{"line":29,"column":2},"end":{"line":36,"column":4}},"16":{"start":{"line":30,"column":4},"end":{"line":34,"column":5}},"17":{"start":{"line":31,"column":20},"end":{"line":31,"column":54}},"18":{"start":{"line":32,"column":6},"end":{"line":32,"column":29}},"19":{"start":{"line":33,"column":6},"end":{"line":33,"column":25}},"20":{"start":{"line":35,"column":4},"end":{"line":35,"column":11}}},"fnMap":{"0":{"name":"authenticate","decl":{"start":{"line":3,"column":16},"end":{"line":3,"column":28}},"loc":{"start":{"line":3,"column":46},"end":{"line":26,"column":1}},"line":3},"1":{"name":"authorizeRoles","decl":{"start":{"line":28,"column":16},"end":{"line":28,"column":30}},"loc":{"start":{"line":28,"column":48},"end":{"line":37,"column":1}},"line":28},"2":{"name":"(anonymous_2)","decl":{"start":{"line":29,"column":9},"end":{"line":29,"column":10}},"loc":{"start":{"line":29,"column":30},"end":{"line":36,"column":3}},"line":29}},"branchMap":{"0":{"loc":{"start":{"line":7,"column":4},"end":{"line":11,"column":5}},"type":"if","locations":[{"start":{"line":7,"column":4},"end":{"line":11,"column":5}},{"start":{},"end":{}}],"line":7},"1":{"loc":{"start":{"line":14,"column":4},"end":{"line":18,"column":5}},"type":"if","locations":[{"start":{"line":14,"column":4},"end":{"line":18,"column":5}},{"start":{},"end":{}}],"line":14},"2":{"loc":{"start":{"line":14,"column":8},"end":{"line":14,"column":43}},"type":"binary-expr","locations":[{"start":{"line":14,"column":8},"end":{"line":14,"column":33}},{"start":{"line":14,"column":37},"end":{"line":14,"column":43}}],"line":14},"3":{"loc":{"start":{"line":30,"column":4},"end":{"line":34,"column":5}},"type":"if","locations":[{"start":{"line":30,"column":4},"end":{"line":34,"column":5}},{"start":{},"end":{}}],"line":30},"4":{"loc":{"start":{"line":30,"column":8},"end":{"line":30,"column":58}},"type":"binary-expr","locations":[{"start":{"line":30,"column":8},"end":{"line":30,"column":17}},{"start":{"line":30,"column":21},"end":{"line":30,"column":58}}],"line":30}},"s":{"0":4,"1":4,"2":4,"3":0,"4":0,"5":0,"6":4,"7":4,"8":0,"9":0,"10":0,"11":4,"12":4,"13":4,"14":0,"15":16,"16":4,"17":0,"18":0,"19":0,"20":4},"f":{"0":4,"1":16,"2":4},"b":{"0":[0,4],"1":[0,4],"2":[4,4],"3":[0,4],"4":[4,4]},"inputSourceMap":null,"_coverageSchema":"1a1c01bbd47fc00a2c39e90264f33305004495a9","hash":"c2d5f704767bbb4bc4555dc34541d39fecdc3b90"}
,"C:\\Users\\flavi\\OneDrive\\Documentos\\Repositorios\\conectapet-back\\src\\middlewares\\errorHandler.js": {"path":"C:\\Users\\flavi\\OneDrive\\Documentos\\Repositorios\\conectapet-back\\src\\middlewares\\errorHandler.js","statementMap":{"0":{"start":{"line":2,"column":4},"end":{"line":2,"column":23}},"1":{"start":{"line":4,"column":19},"end":{"line":4,"column":40}},"2":{"start":{"line":5,"column":20},"end":{"line":5,"column":61}},"3":{"start":{"line":7,"column":4},"end":{"line":10,"column":7}}},"fnMap":{"0":{"name":"errorHandler","decl":{"start":{"line":1,"column":16},"end":{"line":1,"column":28}},"loc":{"start":{"line":1,"column":50},"end":{"line":11,"column":1}},"line":1}},"branchMap":{"0":{"loc":{"start":{"line":4,"column":19},"end":{"line":4,"column":40}},"type":"binary-expr","locations":[{"start":{"line":4,"column":19},"end":{"line":4,"column":33}},{"start":{"line":4,"column":37},"end":{"line":4,"column":40}}],"line":4},"1":{"loc":{"start":{"line":5,"column":20},"end":{"line":5,"column":61}},"type":"binary-expr","locations":[{"start":{"line":5,"column":20},"end":{"line":5,"column":31}},{"start":{"line":5,"column":35},"end":{"line":5,"column":61}}],"line":5},"2":{"loc":{"start":{"line":9,"column":17},"end":{"line":9,"column":41}},"type":"binary-expr","locations":[{"start":{"line":9,"column":17},"end":{"line":9,"column":28}},{"start":{"line":9,"column":32},"end":{"line":9,"column":41}}],"line":9}},"s":{"0":0,"1":0,"2":0,"3":0},"f":{"0":0},"b":{"0":[0,0],"1":[0,0],"2":[0,0]},"inputSourceMap":null,"_coverageSchema":"1a1c01bbd47fc00a2c39e90264f33305004495a9","hash":"4f656bd64e67b36ad7109cbea9a259d42a33ca97"}
,"C:\\Users\\flavi\\OneDrive\\Documentos\\Repositorios\\conectapet-back\\src\\middlewares\\pet.middleware.js": {"path":"C:\\Users\\flavi\\OneDrive\\Documentos\\Repositorios\\conectapet-back\\src\\middlewares\\pet.middleware.js","statementMap":{"0":{"start":{"line":3,"column":16},"end":{"line":11,"column":2}},"1":{"start":{"line":5,"column":4},"end":{"line":5,"column":26}},"2":{"start":{"line":8,"column":25},"end":{"line":8,"column":75}},"3":{"start":{"line":9,"column":4},"end":{"line":9,"column":53}},"4":{"start":{"line":13,"column":19},"end":{"line":19,"column":1}},"5":{"start":{"line":14,"column":2},"end":{"line":18,"column":3}},"6":{"start":{"line":15,"column":4},"end":{"line":15,"column":19}},"7":{"start":{"line":17,"column":4},"end":{"line":17,"column":69}},"8":{"start":{"line":21,"column":22},"end":{"line":25,"column":2}}},"fnMap":{"0":{"name":"(anonymous_0)","decl":{"start":{"line":4,"column":15},"end":{"line":4,"column":16}},"loc":{"start":{"line":4,"column":40},"end":{"line":6,"column":3}},"line":4},"1":{"name":"(anonymous_1)","decl":{"start":{"line":7,"column":12},"end":{"line":7,"column":13}},"loc":{"start":{"line":7,"column":37},"end":{"line":10,"column":3}},"line":7},"2":{"name":"(anonymous_2)","decl":{"start":{"line":13,"column":19},"end":{"line":13,"column":20}},"loc":{"start":{"line":13,"column":38},"end":{"line":19,"column":1}},"line":13}},"branchMap":{"0":{"loc":{"start":{"line":14,"column":2},"end":{"line":18,"column":3}},"type":"if","locations":[{"start":{"line":14,"column":2},"end":{"line":18,"column":3}},{"start":{"line":16,"column":9},"end":{"line":18,"column":3}}],"line":14}},"s":{"0":2,"1":1,"2":1,"3":1,"4":2,"5":1,"6":1,"7":0,"8":2},"f":{"0":1,"1":1,"2":1},"b":{"0":[1,0]},"inputSourceMap":null,"_coverageSchema":"1a1c01bbd47fc00a2c39e90264f33305004495a9","hash":"cf51017e932ef34e75ce052fc7687878afec3ca4"}
,"C:\\Users\\flavi\\OneDrive\\Documentos\\Repositorios\\conectapet-back\\src\\models\\adoption.model.js": {"path":"C:\\Users\\flavi\\OneDrive\\Documentos\\Repositorios\\conectapet-back\\src\\models\\adoption.model.js","statementMap":{"0":{"start":{"line":4,"column":24},"end":{"line":103,"column":1}},"1":{"start":{"line":105,"column":0},"end":{"line":114,"column":2}},"2":{"start":{"line":106,"column":17},"end":{"line":106,"column":46}},"3":{"start":{"line":107,"column":2},"end":{"line":109,"column":3}},"4":{"start":{"line":108,"column":4},"end":{"line":108,"column":109}},"5":{"start":{"line":110,"column":2},"end":{"line":112,"column":3}},"6":{"start":{"line":111,"column":4},"end":{"line":111,"column":109}},"7":{"start":{"line":113,"column":2},"end":{"line":113,"column":16}}},"fnMap":{"0":{"name":"(anonymous_0)","decl":{"start":{"line":105,"column":28},"end":{"line":105,"column":29}},"loc":{"start":{"line":105,"column":40},"end":{"line":114,"column":1}},"line":105}},"branchMap":{"0":{"loc":{"start":{"line":107,"column":2},"end":{"line":109,"column":3}},"type":"if","locations":[{"start":{"line":107,"column":2},"end":{"line":109,"column":3}},{"start":{},"end":{}}],"line":107},"1":{"loc":{"start":{"line":110,"column":2},"end":{"line":112,"column":3}},"type":"if","locations":[{"start":{"line":110,"column":2},"end":{"line":112,"column":3}},{"start":{},"end":{}}],"line":110}},"s":{"0":2,"1":2,"2":0,"3":0,"4":0,"5":0,"6":0,"7":0},"f":{"0":0},"b":{"0":[0,0],"1":[0,0]},"inputSourceMap":null,"_coverageSchema":"1a1c01bbd47fc00a2c39e90264f33305004495a9","hash":"124eeab0f08b5ca0514dcd2d958171b7955ec3ed"}
,"C:\\Users\\flavi\\OneDrive\\Documentos\\Repositorios\\conectapet-back\\src\\models\\index.js": {"path":"C:\\Users\\flavi\\OneDrive\\Documentos\\Repositorios\\conectapet-back\\src\\models\\index.js","statementMap":{"0":{"start":{"line":5,"column":0},"end":{"line":5,"column":60}},"1":{"start":{"line":6,"column":0},"end":{"line":6,"column":66}},"2":{"start":{"line":8,"column":0},"end":{"line":8,"column":66}},"3":{"start":{"line":9,"column":0},"end":{"line":9,"column":66}},"4":{"start":{"line":11,"column":0},"end":{"line":11,"column":63}},"5":{"start":{"line":12,"column":0},"end":{"line":12,"column":60}}},"fnMap":{},"branchMap":{},"s":{"0":1,"1":1,"2":1,"3":1,"4":1,"5":1},"f":{},"b":{},"inputSourceMap":null,"_coverageSchema":"1a1c01bbd47fc00a2c39e90264f33305004495a9","hash":"20cfc29539d1c41f039efcda033006dd14487c46"}
,"C:\\Users\\flavi\\OneDrive\\Documentos\\Repositorios\\conectapet-back\\src\\models\\pendingUser.model.js": {"path":"C:\\Users\\flavi\\OneDrive\\Documentos\\Repositorios\\conectapet-back\\src\\models\\pendingUser.model.js","statementMap":{"0":{"start":{"line":4,"column":27},"end":{"line":30,"column":2}}},"fnMap":{},"branchMap":{},"s":{"0":2},"f":{},"b":{},"inputSourceMap":null,"_coverageSchema":"1a1c01bbd47fc00a2c39e90264f33305004495a9","hash":"3cb97d22b62e1755f0fa019aa94eb57337da7f45"}
,"C:\\Users\\flavi\\OneDrive\\Documentos\\Repositorios\\conectapet-back\\src\\models\\pet.model.js": {"path":"C:\\Users\\flavi\\OneDrive\\Documentos\\Repositorios\\conectapet-back\\src\\models\\pet.model.js","statementMap":{"0":{"start":{"line":4,"column":19},"end":{"line":70,"column":1}},"1":{"start":{"line":72,"column":0},"end":{"line":81,"column":2}},"2":{"start":{"line":73,"column":17},"end":{"line":73,"column":46}},"3":{"start":{"line":74,"column":2},"end":{"line":76,"column":3}},"4":{"start":{"line":75,"column":4},"end":{"line":75,"column":109}},"5":{"start":{"line":77,"column":2},"end":{"line":79,"column":3}},"6":{"start":{"line":78,"column":4},"end":{"line":78,"column":109}},"7":{"start":{"line":80,"column":2},"end":{"line":80,"column":16}}},"fnMap":{"0":{"name":"(anonymous_0)","decl":{"start":{"line":72,"column":23},"end":{"line":72,"column":24}},"loc":{"start":{"line":72,"column":35},"end":{"line":81,"column":1}},"line":72}},"branchMap":{"0":{"loc":{"start":{"line":74,"column":2},"end":{"line":76,"column":3}},"type":"if","locations":[{"start":{"line":74,"column":2},"end":{"line":76,"column":3}},{"start":{},"end":{}}],"line":74},"1":{"loc":{"start":{"line":77,"column":2},"end":{"line":79,"column":3}},"type":"if","locations":[{"start":{"line":77,"column":2},"end":{"line":79,"column":3}},{"start":{},"end":{}}],"line":77}},"s":{"0":2,"1":2,"2":4,"3":4,"4":4,"5":4,"6":4,"7":4},"f":{"0":4},"b":{"0":[4,0],"1":[4,0]},"inputSourceMap":null,"_coverageSchema":"1a1c01bbd47fc00a2c39e90264f33305004495a9","hash":"c29cf4069c67f8d1b477a1423d39773985bd0fdc"}
,"C:\\Users\\flavi\\OneDrive\\Documentos\\Repositorios\\conectapet-back\\src\\models\\user.model.js": {"path":"C:\\Users\\flavi\\OneDrive\\Documentos\\Repositorios\\conectapet-back\\src\\models\\user.model.js","statementMap":{"0":{"start":{"line":4,"column":20},"end":{"line":53,"column":1}},"1":{"start":{"line":55,"column":0},"end":{"line":64,"column":2}},"2":{"start":{"line":56,"column":17},"end":{"line":56,"column":46}},"3":{"start":{"line":57,"column":2},"end":{"line":59,"column":3}},"4":{"start":{"line":58,"column":4},"end":{"line":58,"column":109}},"5":{"start":{"line":60,"column":2},"end":{"line":62,"column":3}},"6":{"start":{"line":61,"column":4},"end":{"line":61,"column":109}},"7":{"start":{"line":63,"column":2},"end":{"line":63,"column":16}}},"fnMap":{"0":{"name":"(anonymous_0)","decl":{"start":{"line":55,"column":24},"end":{"line":55,"column":25}},"loc":{"start":{"line":55,"column":36},"end":{"line":64,"column":1}},"line":55}},"branchMap":{"0":{"loc":{"start":{"line":57,"column":2},"end":{"line":59,"column":3}},"type":"if","locations":[{"start":{"line":57,"column":2},"end":{"line":59,"column":3}},{"start":{},"end":{}}],"line":57},"1":{"loc":{"start":{"line":60,"column":2},"end":{"line":62,"column":3}},"type":"if","locations":[{"start":{"line":60,"column":2},"end":{"line":62,"column":3}},{"start":{},"end":{}}],"line":60}},"s":{"0":2,"1":2,"2":8,"3":8,"4":6,"5":8,"6":6,"7":8},"f":{"0":8},"b":{"0":[6,2],"1":[6,2]},"inputSourceMap":null,"_coverageSchema":"1a1c01bbd47fc00a2c39e90264f33305004495a9","hash":"3c3d421a3396a5201c3763690a35ed95a384947f"}
,"C:\\Users\\flavi\\OneDrive\\Documentos\\Repositorios\\conectapet-back\\src\\repositories\\adoption.repository.js": {"path":"C:\\Users\\flavi\\OneDrive\\Documentos\\Repositorios\\conectapet-back\\src\\repositories\\adoption.repository.js","statementMap":{"0":{"start":{"line":5,"column":34},"end":{"line":93,"column":1}},"1":{"start":{"line":7,"column":4},"end":{"line":7,"column":47}},"2":{"start":{"line":11,"column":8},"end":{"line":27,"column":11}},"3":{"start":{"line":31,"column":2},"end":{"line":52,"column":5}},"4":{"start":{"line":56,"column":4},"end":{"line":76,"column":7}},"5":{"start":{"line":79,"column":21},"end":{"line":79,"column":48}},"6":{"start":{"line":80,"column":4},"end":{"line":82,"column":5}},"7":{"start":{"line":81,"column":6},"end":{"line":81,"column":47}},"8":{"start":{"line":83,"column":4},"end":{"line":83,"column":47}},"9":{"start":{"line":86,"column":21},"end":{"line":86,"column":48}},"10":{"start":{"line":87,"column":4},"end":{"line":89,"column":5}},"11":{"start":{"line":88,"column":6},"end":{"line":88,"column":47}},"12":{"start":{"line":90,"column":4},"end":{"line":90,"column":29}},"13":{"start":{"line":91,"column":4},"end":{"line":91,"column":11}}},"fnMap":{"0":{"name":"(anonymous_0)","decl":{"start":{"line":6,"column":2},"end":{"line":6,"column":3}},"loc":{"start":{"line":6,"column":29},"end":{"line":8,"column":3}},"line":6},"1":{"name":"(anonymous_1)","decl":{"start":{"line":10,"column":2},"end":{"line":10,"column":3}},"loc":{"start":{"line":10,"column":17},"end":{"line":28,"column":5}},"line":10},"2":{"name":"(anonymous_2)","decl":{"start":{"line":30,"column":18},"end":{"line":30,"column":19}},"loc":{"start":{"line":30,"column":35},"end":{"line":53,"column":1}},"line":30},"3":{"name":"(anonymous_3)","decl":{"start":{"line":55,"column":2},"end":{"line":55,"column":3}},"loc":{"start":{"line":55,"column":21},"end":{"line":77,"column":3}},"line":55},"4":{"name":"(anonymous_4)","decl":{"start":{"line":78,"column":2},"end":{"line":78,"column":3}},"loc":{"start":{"line":78,"column":33},"end":{"line":84,"column":3}},"line":78},"5":{"name":"(anonymous_5)","decl":{"start":{"line":85,"column":2},"end":{"line":85,"column":3}},"loc":{"start":{"line":85,"column":19},"end":{"line":92,"column":3}},"line":85}},"branchMap":{"0":{"loc":{"start":{"line":80,"column":4},"end":{"line":82,"column":5}},"type":"if","locations":[{"start":{"line":80,"column":4},"end":{"line":82,"column":5}},{"start":{},"end":{}}],"line":80},"1":{"loc":{"start":{"line":87,"column":4},"end":{"line":89,"column":5}},"type":"if","locations":[{"start":{"line":87,"column":4},"end":{"line":89,"column":5}},{"start":{},"end":{}}],"line":87}},"s":{"0":2,"1":0,"2":0,"3":0,"4":0,"5":0,"6":0,"7":0,"8":0,"9":0,"10":0,"11":0,"12":0,"13":0},"f":{"0":0,"1":0,"2":0,"3":0,"4":0,"5":0},"b":{"0":[0,0],"1":[0,0]},"inputSourceMap":null,"_coverageSchema":"1a1c01bbd47fc00a2c39e90264f33305004495a9","hash":"e823e8f36e660468eba2c7921a19b6a27230de0a"}
,"C:\\Users\\flavi\\OneDrive\\Documentos\\Repositorios\\conectapet-back\\src\\repositories\\pet.repository.js": {"path":"C:\\Users\\flavi\\OneDrive\\Documentos\\Repositorios\\conectapet-back\\src\\repositories\\pet.repository.js","statementMap":{"0":{"start":{"line":4,"column":29},"end":{"line":53,"column":1}},"1":{"start":{"line":6,"column":4},"end":{"line":6,"column":37}},"2":{"start":{"line":10,"column":4},"end":{"line":18,"column":7}},"3":{"start":{"line":22,"column":4},"end":{"line":30,"column":7}},"4":{"start":{"line":34,"column":16},"end":{"line":34,"column":38}},"5":{"start":{"line":35,"column":4},"end":{"line":37,"column":5}},"6":{"start":{"line":36,"column":6},"end":{"line":36,"column":44}},"7":{"start":{"line":38,"column":4},"end":{"line":38,"column":37}},"8":{"start":{"line":42,"column":4},"end":{"line":42,"column":59}},"9":{"start":{"line":46,"column":16},"end":{"line":46,"column":38}},"10":{"start":{"line":47,"column":4},"end":{"line":49,"column":5}},"11":{"start":{"line":48,"column":6},"end":{"line":48,"column":44}},"12":{"start":{"line":50,"column":4},"end":{"line":50,"column":24}},"13":{"start":{"line":51,"column":4},"end":{"line":51,"column":11}}},"fnMap":{"0":{"name":"(anonymous_0)","decl":{"start":{"line":5,"column":2},"end":{"line":5,"column":3}},"loc":{"start":{"line":5,"column":24},"end":{"line":7,"column":3}},"line":5},"1":{"name":"(anonymous_1)","decl":{"start":{"line":9,"column":2},"end":{"line":9,"column":3}},"loc":{"start":{"line":9,"column":18},"end":{"line":19,"column":3}},"line":9},"2":{"name":"(anonymous_2)","decl":{"start":{"line":21,"column":2},"end":{"line":21,"column":3}},"loc":{"start":{"line":21,"column":21},"end":{"line":31,"column":3}},"line":21},"3":{"name":"(anonymous_3)","decl":{"start":{"line":33,"column":2},"end":{"line":33,"column":3}},"loc":{"start":{"line":33,"column":28},"end":{"line":39,"column":3}},"line":33},"4":{"name":"(anonymous_4)","decl":{"start":{"line":41,"column":2},"end":{"line":41,"column":3}},"loc":{"start":{"line":41,"column":33},"end":{"line":43,"column":3}},"line":41},"5":{"name":"(anonymous_5)","decl":{"start":{"line":45,"column":2},"end":{"line":45,"column":3}},"loc":{"start":{"line":45,"column":19},"end":{"line":52,"column":3}},"line":45}},"branchMap":{"0":{"loc":{"start":{"line":35,"column":4},"end":{"line":37,"column":5}},"type":"if","locations":[{"start":{"line":35,"column":4},"end":{"line":37,"column":5}},{"start":{},"end":{}}],"line":35},"1":{"loc":{"start":{"line":47,"column":4},"end":{"line":49,"column":5}},"type":"if","locations":[{"start":{"line":47,"column":4},"end":{"line":49,"column":5}},{"start":{},"end":{}}],"line":47}},"s":{"0":2,"1":1,"2":1,"3":4,"4":1,"5":1,"6":0,"7":1,"8":0,"9":1,"10":1,"11":0,"12":1,"13":1},"f":{"0":1,"1":1,"2":4,"3":1,"4":0,"5":1},"b":{"0":[0,1],"1":[0,1]},"inputSourceMap":null,"_coverageSchema":"1a1c01bbd47fc00a2c39e90264f33305004495a9","hash":"e02f6722acf3380aa410b679e6b9015f94915736"}
,"C:\\Users\\flavi\\OneDrive\\Documentos\\Repositorios\\conectapet-back\\src\\repositories\\user.repository.js": {"path":"C:\\Users\\flavi\\OneDrive\\Documentos\\Repositorios\\conectapet-back\\src\\repositories\\user.repository.js","statementMap":{"0":{"start":{"line":3,"column":30},"end":{"line":41,"column":1}},"1":{"start":{"line":5,"column":4},"end":{"line":9,"column":7}},"2":{"start":{"line":13,"column":4},"end":{"line":17,"column":7}},"3":{"start":{"line":21,"column":4},"end":{"line":25,"column":7}},"4":{"start":{"line":29,"column":4},"end":{"line":31,"column":7}},"5":{"start":{"line":35,"column":4},"end":{"line":35,"column":54}},"6":{"start":{"line":39,"column":4},"end":{"line":39,"column":49}}},"fnMap":{"0":{"name":"(anonymous_0)","decl":{"start":{"line":4,"column":2},"end":{"line":4,"column":3}},"loc":{"start":{"line":4,"column":25},"end":{"line":10,"column":3}},"line":4},"1":{"name":"(anonymous_1)","decl":{"start":{"line":12,"column":2},"end":{"line":12,"column":3}},"loc":{"start":{"line":12,"column":18},"end":{"line":18,"column":3}},"line":12},"2":{"name":"(anonymous_2)","decl":{"start":{"line":20,"column":2},"end":{"line":20,"column":3}},"loc":{"start":{"line":20,"column":21},"end":{"line":26,"column":3}},"line":20},"3":{"name":"(anonymous_3)","decl":{"start":{"line":28,"column":15},"end":{"line":28,"column":16}},"loc":{"start":{"line":28,"column":32},"end":{"line":32,"column":3}},"line":28},"4":{"name":"(anonymous_4)","decl":{"start":{"line":34,"column":2},"end":{"line":34,"column":3}},"loc":{"start":{"line":34,"column":25},"end":{"line":36,"column":3}},"line":34},"5":{"name":"(anonymous_5)","decl":{"start":{"line":38,"column":2},"end":{"line":38,"column":3}},"loc":{"start":{"line":38,"column":19},"end":{"line":40,"column":3}},"line":38}},"branchMap":{},"s":{"0":2,"1":0,"2":1,"3":4,"4":1,"5":2,"6":2},"f":{"0":0,"1":1,"2":4,"3":1,"4":2,"5":2},"b":{},"inputSourceMap":null,"_coverageSchema":"1a1c01bbd47fc00a2c39e90264f33305004495a9","hash":"749adde9ac67c2c950243f641a2269d306a788f3"}
,"C:\\Users\\flavi\\OneDrive\\Documentos\\Repositorios\\conectapet-back\\src\\routes\\adoption.routes.js": {"path":"C:\\Users\\flavi\\OneDrive\\Documentos\\Repositorios\\conectapet-back\\src\\routes\\adoption.routes.js","statementMap":{"0":{"start":{"line":5,"column":30},"end":{"line":5,"column":38}},"1":{"start":{"line":7,"column":0},"end":{"line":7,"column":90}},"2":{"start":{"line":8,"column":0},"end":{"line":8,"column":93}},"3":{"start":{"line":9,"column":0},"end":{"line":9,"column":97}},"4":{"start":{"line":10,"column":0},"end":{"line":10,"column":96}},"5":{"start":{"line":11,"column":0},"end":{"line":11,"column":99}}},"fnMap":{},"branchMap":{},"s":{"0":2,"1":2,"2":2,"3":2,"4":2,"5":2},"f":{},"b":{},"inputSourceMap":null,"_coverageSchema":"1a1c01bbd47fc00a2c39e90264f33305004495a9","hash":"7fe5a38c652df266e665ce3206b42aefd96db659"}
,"C:\\Users\\flavi\\OneDrive\\Documentos\\Repositorios\\conectapet-back\\src\\routes\\auth.routes.js": {"path":"C:\\Users\\flavi\\OneDrive\\Documentos\\Repositorios\\conectapet-back\\src\\routes\\auth.routes.js","statementMap":{"0":{"start":{"line":4,"column":26},"end":{"line":4,"column":34}},"1":{"start":{"line":6,"column":0},"end":{"line":6,"column":38}},"2":{"start":{"line":7,"column":0},"end":{"line":7,"column":58}}},"fnMap":{},"branchMap":{},"s":{"0":2,"1":2,"2":2},"f":{},"b":{},"inputSourceMap":null,"_coverageSchema":"1a1c01bbd47fc00a2c39e90264f33305004495a9","hash":"5b751dd95327138450a13526307b849d3f8ce66c"}
,"C:\\Users\\flavi\\OneDrive\\Documentos\\Repositorios\\conectapet-back\\src\\routes\\pet.routes.js": {"path":"C:\\Users\\flavi\\OneDrive\\Documentos\\Repositorios\\conectapet-back\\src\\routes\\pet.routes.js","statementMap":{"0":{"start":{"line":7,"column":25},"end":{"line":7,"column":33}},"1":{"start":{"line":9,"column":0},"end":{"line":9,"column":109}},"2":{"start":{"line":10,"column":0},"end":{"line":10,"column":41}},"3":{"start":{"line":11,"column":0},"end":{"line":11,"column":45}},"4":{"start":{"line":12,"column":0},"end":{"line":12,"column":111}},"5":{"start":{"line":13,"column":0},"end":{"line":13,"column":89}},"6":{"start":{"line":14,"column":0},"end":{"line":14,"column":52}}},"fnMap":{},"branchMap":{},"s":{"0":2,"1":2,"2":2,"3":2,"4":2,"5":2,"6":2},"f":{},"b":{},"inputSourceMap":null,"_coverageSchema":"1a1c01bbd47fc00a2c39e90264f33305004495a9","hash":"e502948da0b6ccc4e6a8be85381f955978e4a862"}
,"C:\\Users\\flavi\\OneDrive\\Documentos\\Repositorios\\conectapet-back\\src\\routes\\user.routes.js": {"path":"C:\\Users\\flavi\\OneDrive\\Documentos\\Repositorios\\conectapet-back\\src\\routes\\user.routes.js","statementMap":{"0":{"start":{"line":4,"column":26},"end":{"line":4,"column":34}},"1":{"start":{"line":7,"column":0},"end":{"line":7,"column":43}},"2":{"start":{"line":8,"column":0},"end":{"line":8,"column":47}},"3":{"start":{"line":9,"column":0},"end":{"line":9,"column":77}},"4":{"start":{"line":10,"column":0},"end":{"line":10,"column":61}},"5":{"start":{"line":11,"column":0},"end":{"line":11,"column":46}},"6":{"start":{"line":12,"column":0},"end":{"line":12,"column":49}}},"fnMap":{},"branchMap":{},"s":{"0":2,"1":2,"2":2,"3":2,"4":2,"5":2,"6":2},"f":{},"b":{},"inputSourceMap":null,"_coverageSchema":"1a1c01bbd47fc00a2c39e90264f33305004495a9","hash":"e4b92797a462cf794f6f8b6e6c6388f9e2a181a2"}
,"C:\\Users\\flavi\\OneDrive\\Documentos\\Repositorios\\conectapet-back\\src\\services\\adoption.service.js": {"path":"C:\\Users\\flavi\\OneDrive\\Documentos\\Repositorios\\conectapet-back\\src\\services\\adoption.service.js","statementMap":{"0":{"start":{"line":5,"column":31},"end":{"line":58,"column":1}},"1":{"start":{"line":8,"column":25},"end":{"line":8,"column":59}},"2":{"start":{"line":9,"column":26},"end":{"line":11,"column":5}},"3":{"start":{"line":10,"column":20},"end":{"line":10,"column":84}},"4":{"start":{"line":12,"column":4},"end":{"line":16,"column":5}},"5":{"start":{"line":13,"column":20},"end":{"line":13,"column":93}},"6":{"start":{"line":14,"column":6},"end":{"line":14,"column":29}},"7":{"start":{"line":15,"column":6},"end":{"line":15,"column":18}},"8":{"start":{"line":19,"column":4},"end":{"line":23,"column":5}},"9":{"start":{"line":20,"column":20},"end":{"line":20,"column":69}},"10":{"start":{"line":21,"column":6},"end":{"line":21,"column":29}},"11":{"start":{"line":22,"column":6},"end":{"line":22,"column":18}},"12":{"start":{"line":27,"column":4},"end":{"line":27,"column":49}},"13":{"start":{"line":31,"column":4},"end":{"line":31,"column":46}},"14":{"start":{"line":35,"column":21},"end":{"line":35,"column":58}},"15":{"start":{"line":36,"column":4},"end":{"line":40,"column":5}},"16":{"start":{"line":37,"column":20},"end":{"line":37,"column":55}},"17":{"start":{"line":38,"column":6},"end":{"line":38,"column":29}},"18":{"start":{"line":39,"column":6},"end":{"line":39,"column":18}},"19":{"start":{"line":41,"column":4},"end":{"line":41,"column":20}},"20":{"start":{"line":46,"column":4},"end":{"line":46,"column":53}},"21":{"start":{"line":51,"column":4},"end":{"line":51,"column":47}},"22":{"start":{"line":55,"column":2},"end":{"line":55,"column":56}}},"fnMap":{"0":{"name":"(anonymous_0)","decl":{"start":{"line":6,"column":18},"end":{"line":6,"column":19}},"loc":{"start":{"line":6,"column":34},"end":{"line":28,"column":3}},"line":6},"1":{"name":"(anonymous_1)","decl":{"start":{"line":10,"column":6},"end":{"line":10,"column":7}},"loc":{"start":{"line":10,"column":20},"end":{"line":10,"column":84}},"line":10},"2":{"name":"(anonymous_2)","decl":{"start":{"line":30,"column":19},"end":{"line":30,"column":20}},"loc":{"start":{"line":30,"column":31},"end":{"line":32,"column":3}},"line":30},"3":{"name":"(anonymous_3)","decl":{"start":{"line":34,"column":19},"end":{"line":34,"column":20}},"loc":{"start":{"line":34,"column":33},"end":{"line":42,"column":3}},"line":34},"4":{"name":"(anonymous_4)","decl":{"start":{"line":44,"column":18},"end":{"line":44,"column":19}},"loc":{"start":{"line":44,"column":38},"end":{"line":47,"column":3}},"line":44},"5":{"name":"(anonymous_5)","decl":{"start":{"line":49,"column":18},"end":{"line":49,"column":19}},"loc":{"start":{"line":49,"column":32},"end":{"line":52,"column":3}},"line":49},"6":{"name":"(anonymous_6)","decl":{"start":{"line":54,"column":23},"end":{"line":54,"column":24}},"loc":{"start":{"line":54,"column":40},"end":{"line":56,"column":1}},"line":54}},"branchMap":{"0":{"loc":{"start":{"line":10,"column":20},"end":{"line":10,"column":84}},"type":"binary-expr","locations":[{"start":{"line":10,"column":20},"end":{"line":10,"column":51}},{"start":{"line":10,"column":55},"end":{"line":10,"column":84}}],"line":10},"1":{"loc":{"start":{"line":12,"column":4},"end":{"line":16,"column":5}},"type":"if","locations":[{"start":{"line":12,"column":4},"end":{"line":16,"column":5}},{"start":{},"end":{}}],"line":12},"2":{"loc":{"start":{"line":19,"column":4},"end":{"line":23,"column":5}},"type":"if","locations":[{"start":{"line":19,"column":4},"end":{"line":23,"column":5}},{"start":{},"end":{}}],"line":19},"3":{"loc":{"start":{"line":19,"column":8},"end":{"line":19,"column":62}},"type":"binary-expr","locations":[{"start":{"line":19,"column":8},"end":{"line":19,"column":18}},{"start":{"line":19,"column":22},"end":{"line":19,"column":31}},{"start":{"line":19,"column":35},"end":{"line":19,"column":47}},{"start":{"line":19,"column":51},"end":{"line":19,"column":62}}],"line":19},"4":{"loc":{"start":{"line":36,"column":4},"end":{"line":40,"column":5}},"type":"if","locations":[{"start":{"line":36,"column":4},"end":{"line":40,"column":5}},{"start":{},"end":{}}],"line":36}},"s":{"0":2,"1":0,"2":0,"3":0,"4":0,"5":0,"6":0,"7":0,"8":0,"9":0,"10":0,"11":0,"12":0,"13":0,"14":0,"15":0,"16":0,"17":0,"18":0,"19":0,"20":0,"21":0,"22":0},"f":{"0":0,"1":0,"2":0,"3":0,"4":0,"5":0,"6":0},"b":{"0":[0,0],"1":[0,0],"2":[0,0],"3":[0,0,0,0],"4":[0,0]},"inputSourceMap":null,"_coverageSchema":"1a1c01bbd47fc00a2c39e90264f33305004495a9","hash":"c33c3c722b6b7c0490a280b245f34748d4542582"}
,"C:\\Users\\flavi\\OneDrive\\Documentos\\Repositorios\\conectapet-back\\src\\services\\auth.service.js": {"path":"C:\\Users\\flavi\\OneDrive\\Documentos\\Repositorios\\conectapet-back\\src\\services\\auth.service.js","statementMap":{"0":{"start":{"line":5,"column":18},"end":{"line":5,"column":40}},"1":{"start":{"line":6,"column":30},"end":{"line":6,"column":73}},"2":{"start":{"line":7,"column":31},"end":{"line":7,"column":75}},"3":{"start":{"line":10,"column":22},"end":{"line":14,"column":3}},"4":{"start":{"line":16,"column":23},"end":{"line":20,"column":3}},"5":{"start":{"line":22,"column":2},"end":{"line":22,"column":39}},"6":{"start":{"line":26,"column":15},"end":{"line":26,"column":54}},"7":{"start":{"line":28,"column":2},"end":{"line":32,"column":3}},"8":{"start":{"line":29,"column":18},"end":{"line":29,"column":55}},"9":{"start":{"line":30,"column":4},"end":{"line":30,"column":27}},"10":{"start":{"line":31,"column":4},"end":{"line":31,"column":16}},"11":{"start":{"line":34,"column":22},"end":{"line":34,"column":61}},"12":{"start":{"line":36,"column":2},"end":{"line":40,"column":3}},"13":{"start":{"line":37,"column":18},"end":{"line":37,"column":55}},"14":{"start":{"line":38,"column":4},"end":{"line":38,"column":27}},"15":{"start":{"line":39,"column":4},"end":{"line":39,"column":16}},"16":{"start":{"line":42,"column":2},"end":{"line":42,"column":30}},"17":{"start":{"line":46,"column":2},"end":{"line":54,"column":3}},"18":{"start":{"line":47,"column":4},"end":{"line":47,"column":40}},"19":{"start":{"line":49,"column":22},"end":{"line":51,"column":5}},"20":{"start":{"line":52,"column":4},"end":{"line":52,"column":31}},"21":{"start":{"line":53,"column":4},"end":{"line":53,"column":20}},"22":{"start":{"line":58,"column":2},"end":{"line":65,"column":3}},"23":{"start":{"line":59,"column":20},"end":{"line":59,"column":51}},"24":{"start":{"line":60,"column":4},"end":{"line":60,"column":35}},"25":{"start":{"line":62,"column":18},"end":{"line":62,"column":65}},"26":{"start":{"line":63,"column":4},"end":{"line":63,"column":27}},"27":{"start":{"line":64,"column":4},"end":{"line":64,"column":16}}},"fnMap":{"0":{"name":"generateTokens","decl":{"start":{"line":9,"column":9},"end":{"line":9,"column":23}},"loc":{"start":{"line":9,"column":30},"end":{"line":23,"column":1}},"line":9},"1":{"name":"login","decl":{"start":{"line":25,"column":15},"end":{"line":25,"column":20}},"loc":{"start":{"line":25,"column":35},"end":{"line":43,"column":1}},"line":25},"2":{"name":"verifyToken","decl":{"start":{"line":45,"column":9},"end":{"line":45,"column":20}},"loc":{"start":{"line":45,"column":28},"end":{"line":55,"column":1}},"line":45},"3":{"name":"refreshToken","decl":{"start":{"line":57,"column":9},"end":{"line":57,"column":21}},"loc":{"start":{"line":57,"column":32},"end":{"line":66,"column":1}},"line":57}},"branchMap":{"0":{"loc":{"start":{"line":6,"column":30},"end":{"line":6,"column":73}},"type":"binary-expr","locations":[{"start":{"line":6,"column":30},"end":{"line":6,"column":65}},{"start":{"line":6,"column":69},"end":{"line":6,"column":73}}],"line":6},"1":{"loc":{"start":{"line":7,"column":31},"end":{"line":7,"column":75}},"type":"binary-expr","locations":[{"start":{"line":7,"column":31},"end":{"line":7,"column":67}},{"start":{"line":7,"column":71},"end":{"line":7,"column":75}}],"line":7},"2":{"loc":{"start":{"line":28,"column":2},"end":{"line":32,"column":3}},"type":"if","locations":[{"start":{"line":28,"column":2},"end":{"line":32,"column":3}},{"start":{},"end":{}}],"line":28},"3":{"loc":{"start":{"line":36,"column":2},"end":{"line":40,"column":3}},"type":"if","locations":[{"start":{"line":36,"column":2},"end":{"line":40,"column":3}},{"start":{},"end":{}}],"line":36},"4":{"loc":{"start":{"line":50,"column":6},"end":{"line":50,"column":78}},"type":"cond-expr","locations":[{"start":{"line":50,"column":41},"end":{"line":50,"column":58}},{"start":{"line":50,"column":61},"end":{"line":50,"column":78}}],"line":50}},"s":{"0":2,"1":2,"2":2,"3":1,"4":1,"5":1,"6":1,"7":1,"8":0,"9":0,"10":0,"11":1,"12":1,"13":0,"14":0,"15":0,"16":1,"17":4,"18":4,"19":0,"20":0,"21":0,"22":0,"23":0,"24":0,"25":0,"26":0,"27":0},"f":{"0":1,"1":1,"2":4,"3":0},"b":{"0":[2,0],"1":[2,0],"2":[0,1],"3":[0,1],"4":[0,0]},"inputSourceMap":null,"_coverageSchema":"1a1c01bbd47fc00a2c39e90264f33305004495a9","hash":"bd3cbe2346e59f038280ca9ec349f231d8f8c3c5"}
,"C:\\Users\\flavi\\OneDrive\\Documentos\\Repositorios\\conectapet-back\\src\\services\\email.service.js": {"path":"C:\\Users\\flavi\\OneDrive\\Documentos\\Repositorios\\conectapet-back\\src\\services\\email.service.js","statementMap":{"0":{"start":{"line":3,"column":0},"end":{"line":3,"column":16}},"1":{"start":{"line":5,"column":20},"end":{"line":14,"column":2}},"2":{"start":{"line":16,"column":37},"end":{"line":36,"column":1}},"3":{"start":{"line":17,"column":22},"end":{"line":27,"column":3}},"4":{"start":{"line":29,"column":2},"end":{"line":35,"column":3}},"5":{"start":{"line":30,"column":4},"end":{"line":30,"column":44}},"6":{"start":{"line":31,"column":4},"end":{"line":31,"column":16}},"7":{"start":{"line":33,"column":4},"end":{"line":33,"column":53}},"8":{"start":{"line":34,"column":4},"end":{"line":34,"column":17}}},"fnMap":{"0":{"name":"(anonymous_0)","decl":{"start":{"line":16,"column":37},"end":{"line":16,"column":38}},"loc":{"start":{"line":16,"column":72},"end":{"line":36,"column":1}},"line":16}},"branchMap":{},"s":{"0":2,"1":2,"2":2,"3":4,"4":4,"5":4,"6":4,"7":0,"8":0},"f":{"0":4},"b":{},"inputSourceMap":null,"_coverageSchema":"1a1c01bbd47fc00a2c39e90264f33305004495a9","hash":"471471c6a30949fad23d0f1d8967385c456683c7"}
,"C:\\Users\\flavi\\OneDrive\\Documentos\\Repositorios\\conectapet-back\\src\\services\\pet.service.js": {"path":"C:\\Users\\flavi\\OneDrive\\Documentos\\Repositorios\\conectapet-back\\src\\services\\pet.service.js","statementMap":{"0":{"start":{"line":3,"column":26},"end":{"line":27,"column":1}},"1":{"start":{"line":5,"column":4},"end":{"line":5,"column":44}},"2":{"start":{"line":9,"column":4},"end":{"line":9,"column":41}},"3":{"start":{"line":13,"column":4},"end":{"line":13,"column":44}},"4":{"start":{"line":17,"column":4},"end":{"line":17,"column":48}},"5":{"start":{"line":21,"column":4},"end":{"line":21,"column":56}},"6":{"start":{"line":25,"column":4},"end":{"line":25,"column":42}}},"fnMap":{"0":{"name":"(anonymous_0)","decl":{"start":{"line":4,"column":13},"end":{"line":4,"column":14}},"loc":{"start":{"line":4,"column":29},"end":{"line":6,"column":3}},"line":4},"1":{"name":"(anonymous_1)","decl":{"start":{"line":8,"column":14},"end":{"line":8,"column":15}},"loc":{"start":{"line":8,"column":26},"end":{"line":10,"column":3}},"line":8},"2":{"name":"(anonymous_2)","decl":{"start":{"line":12,"column":14},"end":{"line":12,"column":15}},"loc":{"start":{"line":12,"column":28},"end":{"line":14,"column":3}},"line":12},"3":{"name":"(anonymous_3)","decl":{"start":{"line":16,"column":13},"end":{"line":16,"column":14}},"loc":{"start":{"line":16,"column":33},"end":{"line":18,"column":3}},"line":16},"4":{"name":"(anonymous_4)","decl":{"start":{"line":20,"column":19},"end":{"line":20,"column":20}},"loc":{"start":{"line":20,"column":41},"end":{"line":22,"column":3}},"line":20},"5":{"name":"(anonymous_5)","decl":{"start":{"line":24,"column":13},"end":{"line":24,"column":14}},"loc":{"start":{"line":24,"column":27},"end":{"line":26,"column":3}},"line":24}},"branchMap":{},"s":{"0":2,"1":1,"2":1,"3":4,"4":1,"5":0,"6":1},"f":{"0":1,"1":1,"2":4,"3":1,"4":0,"5":1},"b":{},"inputSourceMap":null,"_coverageSchema":"1a1c01bbd47fc00a2c39e90264f33305004495a9","hash":"1958a73e0db356e2afe42e6beeb832ed0a20f5b8"}
,"C:\\Users\\flavi\\OneDrive\\Documentos\\Repositorios\\conectapet-back\\src\\services\\user.service.js": {"path":"C:\\Users\\flavi\\OneDrive\\Documentos\\Repositorios\\conectapet-back\\src\\services\\user.service.js","statementMap":{"0":{"start":{"line":4,"column":27},"end":{"line":46,"column":1}},"1":{"start":{"line":6,"column":25},"end":{"line":6,"column":69}},"2":{"start":{"line":7,"column":4},"end":{"line":9,"column":5}},"3":{"start":{"line":8,"column":6},"end":{"line":8,"column":47}},"4":{"start":{"line":11,"column":25},"end":{"line":11,"column":45}},"5":{"start":{"line":12,"column":4},"end":{"line":14,"column":5}},"6":{"start":{"line":13,"column":6},"end":{"line":13,"column":42}},"7":{"start":{"line":16,"column":4},"end":{"line":20,"column":5}},"8":{"start":{"line":17,"column":20},"end":{"line":17,"column":76}},"9":{"start":{"line":18,"column":6},"end":{"line":18,"column":29}},"10":{"start":{"line":19,"column":6},"end":{"line":19,"column":18}},"11":{"start":{"line":22,"column":23},"end":{"line":22,"column":25}},"12":{"start":{"line":23,"column":27},"end":{"line":23,"column":68}},"13":{"start":{"line":24,"column":4},"end":{"line":24,"column":32}},"14":{"start":{"line":26,"column":4},"end":{"line":26,"column":45}},"15":{"start":{"line":30,"column":4},"end":{"line":30,"column":42}},"16":{"start":{"line":34,"column":4},"end":{"line":34,"column":45}},"17":{"start":{"line":38,"column":26},"end":{"line":38,"column":63}},"18":{"start":{"line":39,"column":4},"end":{"line":39,"column":34}},"19":{"start":{"line":39,"column":22},"end":{"line":39,"column":34}},"20":{"start":{"line":40,"column":4},"end":{"line":40,"column":45}},"21":{"start":{"line":44,"column":4},"end":{"line":44,"column":43}}},"fnMap":{"0":{"name":"(anonymous_0)","decl":{"start":{"line":5,"column":14},"end":{"line":5,"column":15}},"loc":{"start":{"line":5,"column":30},"end":{"line":27,"column":3}},"line":5},"1":{"name":"(anonymous_1)","decl":{"start":{"line":29,"column":15},"end":{"line":29,"column":16}},"loc":{"start":{"line":29,"column":27},"end":{"line":31,"column":3}},"line":29},"2":{"name":"(anonymous_2)","decl":{"start":{"line":33,"column":15},"end":{"line":33,"column":16}},"loc":{"start":{"line":33,"column":29},"end":{"line":35,"column":3}},"line":33},"3":{"name":"(anonymous_3)","decl":{"start":{"line":37,"column":14},"end":{"line":37,"column":15}},"loc":{"start":{"line":37,"column":34},"end":{"line":41,"column":3}},"line":37},"4":{"name":"(anonymous_4)","decl":{"start":{"line":43,"column":14},"end":{"line":43,"column":15}},"loc":{"start":{"line":43,"column":28},"end":{"line":45,"column":3}},"line":43}},"branchMap":{"0":{"loc":{"start":{"line":7,"column":4},"end":{"line":9,"column":5}},"type":"if","locations":[{"start":{"line":7,"column":4},"end":{"line":9,"column":5}},{"start":{},"end":{}}],"line":7},"1":{"loc":{"start":{"line":12,"column":4},"end":{"line":14,"column":5}},"type":"if","locations":[{"start":{"line":12,"column":4},"end":{"line":14,"column":5}},{"start":{},"end":{}}],"line":12},"2":{"loc":{"start":{"line":16,"column":4},"end":{"line":20,"column":5}},"type":"if","locations":[{"start":{"line":16,"column":4},"end":{"line":20,"column":5}},{"start":{},"end":{}}],"line":16},"3":{"loc":{"start":{"line":39,"column":4},"end":{"line":39,"column":34}},"type":"if","locations":[{"start":{"line":39,"column":4},"end":{"line":39,"column":34}},{"start":{},"end":{}}],"line":39}},"s":{"0":2,"1":0,"2":0,"3":0,"4":0,"5":0,"6":0,"7":0,"8":0,"9":0,"10":0,"11":0,"12":0,"13":0,"14":0,"15":1,"16":3,"17":2,"18":2,"19":1,"20":1,"21":2},"f":{"0":0,"1":1,"2":3,"3":2,"4":2},"b":{"0":[0,0],"1":[0,0],"2":[0,0],"3":[1,1]},"inputSourceMap":null,"_coverageSchema":"1a1c01bbd47fc00a2c39e90264f33305004495a9","hash":"1cbd5f0e944faddc7ed2d2fcabd576815410e396"}
,"C:\\Users\\flavi\\OneDrive\\Documentos\\Repositorios\\conectapet-back\\src\\utils\\validations.js": {"path":"C:\\Users\\flavi\\OneDrive\\Documentos\\Repositorios\\conectapet-back\\src\\utils\\validations.js","statementMap":{"0":{"start":{"line":3,"column":37},"end":{"line":8,"column":2}},"1":{"start":{"line":10,"column":30},"end":{"line":18,"column":2}},"2":{"start":{"line":20,"column":36},"end":{"line":28,"column":2}},"3":{"start":{"line":30,"column":29},"end":{"line":43,"column":16}},"4":{"start":{"line":45,"column":35},"end":{"line":58,"column":9}},"5":{"start":{"line":60,"column":34},"end":{"line":88,"column":2}},"6":{"start":{"line":90,"column":37},"end":{"line":110,"column":2}}},"fnMap":{},"branchMap":{},"s":{"0":2,"1":2,"2":2,"3":2,"4":2,"5":2,"6":2},"f":{},"b":{},"inputSourceMap":null,"_coverageSchema":"1a1c01bbd47fc00a2c39e90264f33305004495a9","hash":"436292ffb26a4c3ac58aa761f64902d6178b2313"}
}
