TN:
SF:src\app.js
FNF:0
FNH:0
DA:10,1
DA:12,1
DA:14,1
DA:16,1
DA:17,1
DA:19,1
DA:20,1
DA:21,1
DA:22,1
DA:25,1
LF:10
LH:10
BRF:0
BRH:0
end_of_record
TN:
SF:src\config\database.js
FNF:0
FNH:0
DA:2,1
DA:6,1
DA:10,1
DA:11,1
DA:17,0
DA:29,1
LF:6
LH:5
BRDA:6,0,0,1
BRDA:6,0,1,0
BRDA:10,1,0,1
BRDA:10,1,1,0
BRDA:23,2,0,0
BRDA:23,2,1,0
BRF:6
BRH:2
end_of_record
TN:
SF:src\controllers\adoption.controller.js
FN:5,(anonymous_0)
FN:19,(anonymous_1)
FN:36,(anonymous_2)
FN:48,(anonymous_3)
FN:72,(anonymous_4)
FNF:5
FNH:0
FNDA:0,(anonymous_0)
FNDA:0,(anonymous_1)
FNDA:0,(anonymous_2)
FNDA:0,(anonymous_3)
FNDA:0,(anonymous_4)
DA:4,1
DA:6,0
DA:7,0
DA:8,0
DA:11,0
DA:12,0
DA:13,0
DA:15,0
DA:20,0
DA:21,0
DA:24,0
DA:25,0
DA:27,0
DA:30,0
DA:32,0
DA:37,0
DA:38,0
DA:39,0
DA:40,0
DA:42,0
DA:44,0
DA:49,0
DA:51,0
DA:52,0
DA:55,0
DA:56,0
DA:60,0
DA:62,0
DA:66,0
DA:68,0
DA:73,0
DA:74,0
DA:75,0
DA:77,0
DA:81,0
DA:83,0
LF:36
LH:1
BRDA:7,0,0,0
BRDA:7,0,1,0
BRDA:15,1,0,0
BRDA:15,1,1,0
BRDA:24,2,0,0
BRDA:24,2,1,0
BRDA:39,3,0,0
BRDA:39,3,1,0
BRDA:44,4,0,0
BRDA:44,4,1,0
BRDA:51,5,0,0
BRDA:51,5,1,0
BRDA:62,6,0,0
BRDA:62,6,1,0
BRDA:63,7,0,0
BRDA:63,7,1,0
BRDA:68,8,0,0
BRDA:68,8,1,0
BRDA:77,9,0,0
BRDA:77,9,1,0
BRDA:78,10,0,0
BRDA:78,10,1,0
BRDA:83,11,0,0
BRDA:83,11,1,0
BRF:24
BRH:0
end_of_record
TN:
SF:src\controllers\auth.controller.js
FN:3,loginController
FN:13,refreshTokenController
FNF:2
FNH:0
FNDA:0,loginController
FNDA:0,refreshTokenController
DA:4,0
DA:5,0
DA:6,0
DA:7,0
DA:9,0
DA:14,0
DA:15,0
DA:16,0
DA:17,0
DA:19,0
LF:10
LH:0
BRF:0
BRH:0
end_of_record
TN:
SF:src\controllers\pet.controller.js
FN:7,(anonymous_0)
FN:26,(anonymous_1)
FN:32,(anonymous_2)
FN:43,(anonymous_3)
FN:62,(anonymous_4)
FN:97,(anonymous_5)
FN:114,(anonymous_6)
FN:125,(anonymous_7)
FNF:8
FNH:0
FNDA:0,(anonymous_0)
FNDA:0,(anonymous_1)
FNDA:0,(anonymous_2)
FNDA:0,(anonymous_3)
FNDA:0,(anonymous_4)
FNDA:0,(anonymous_5)
FNDA:0,(anonymous_6)
FNDA:0,(anonymous_7)
DA:6,1
DA:8,0
DA:9,0
DA:10,0
DA:13,0
DA:14,0
DA:19,0
DA:20,0
DA:22,0
DA:27,0
DA:28,0
DA:30,0
DA:32,0
DA:37,0
DA:39,0
DA:44,0
DA:45,0
DA:46,0
DA:47,0
DA:50,0
DA:51,0
DA:56,0
DA:58,0
DA:63,0
DA:64,0
DA:65,0
DA:66,0
DA:69,0
DA:74,0
DA:75,0
DA:76,0
DA:77,0
DA:79,0
DA:81,0
DA:84,0
DA:85,0
DA:86,0
DA:89,0
DA:90,0
DA:92,0
DA:93,0
DA:98,0
DA:99,0
DA:100,0
DA:102,0
DA:103,0
DA:106,0
DA:108,0
DA:110,0
DA:115,0
DA:116,0
DA:117,0
DA:118,0
DA:121,0
DA:123,0
DA:124,0
DA:125,0
DA:126,0
DA:127,0
DA:132,0
DA:134,0
LF:61
LH:1
BRDA:9,0,0,0
BRDA:9,0,1,0
BRDA:34,1,0,0
BRDA:34,1,1,0
BRDA:46,2,0,0
BRDA:46,2,1,0
BRDA:53,3,0,0
BRDA:53,3,1,0
BRDA:65,4,0,0
BRDA:65,4,1,0
BRDA:74,5,0,0
BRDA:74,5,1,0
BRDA:85,6,0,0
BRDA:85,6,1,0
BRDA:102,7,0,0
BRDA:102,7,1,0
BRDA:117,8,0,0
BRDA:117,8,1,0
BRDA:123,9,0,0
BRDA:123,9,1,0
BRDA:126,10,0,0
BRDA:126,10,1,0
BRF:22
BRH:0
end_of_record
TN:
SF:src\controllers\user.controller.js
FN:9,generateVerificationData
FN:31,(anonymous_1)
FN:40,(anonymous_2)
FN:52,(anonymous_3)
FN:118,(anonymous_4)
FN:158,(anonymous_5)
FN:184,(anonymous_6)
FNF:7
FNH:7
FNDA:1,generateVerificationData
FNDA:1,(anonymous_1)
FNDA:2,(anonymous_2)
FNDA:2,(anonymous_3)
FNDA:1,(anonymous_4)
FNDA:3,(anonymous_5)
FNDA:2,(anonymous_6)
DA:10,1
DA:16,1
DA:32,1
DA:33,1
DA:34,1
DA:36,0
DA:41,2
DA:42,2
DA:43,2
DA:44,1
DA:46,1
DA:48,0
DA:53,2
DA:54,2
DA:55,2
DA:56,1
DA:59,1
DA:61,1
DA:62,1
DA:63,0
DA:68,1
DA:69,1
DA:70,1
DA:72,0
DA:74,0
DA:75,0
DA:76,0
DA:81,0
DA:87,1
DA:88,1
DA:98,1
DA:99,1
DA:100,0
DA:101,0
DA:106,1
DA:113,0
DA:114,0
DA:119,1
DA:120,1
DA:122,1
DA:124,1
DA:125,0
DA:130,1
DA:134,0
DA:139,1
DA:147,1
DA:149,1
DA:153,0
DA:154,0
DA:159,3
DA:160,3
DA:161,1
DA:164,2
DA:165,2
DA:166,2
DA:167,1
DA:168,1
DA:169,1
DA:171,0
DA:178,1
DA:180,0
DA:185,2
DA:186,2
DA:187,2
DA:188,1
DA:190,1
DA:192,0
LF:67
LH:48
BRDA:43,0,0,1
BRDA:43,0,1,1
BRDA:55,1,0,1
BRDA:55,1,1,1
BRDA:62,2,0,0
BRDA:62,2,1,1
BRDA:62,3,0,1
BRDA:62,3,1,0
BRDA:70,4,0,0
BRDA:70,4,1,1
BRDA:75,5,0,0
BRDA:75,5,1,0
BRDA:99,6,0,0
BRDA:99,6,1,1
BRDA:124,7,0,0
BRDA:124,7,1,1
BRDA:130,8,0,0
BRDA:130,8,1,1
BRDA:131,9,0,1
BRDA:131,9,1,1
BRDA:160,10,0,1
BRDA:160,10,1,2
BRDA:166,11,0,1
BRDA:166,11,1,1
BRDA:168,12,0,1
BRDA:168,12,1,0
BRDA:187,13,0,1
BRDA:187,13,1,1
BRF:28
BRH:19
end_of_record
TN:
SF:src\middlewares\auth.middleware.js
FN:3,authenticate
FN:28,authorizeRoles
FN:29,(anonymous_2)
FNF:3
FNH:1
FNDA:0,authenticate
FNDA:8,authorizeRoles
FNDA:0,(anonymous_2)
DA:4,0
DA:5,0
DA:7,0
DA:8,0
DA:9,0
DA:10,0
DA:13,0
DA:14,0
DA:15,0
DA:16,0
DA:17,0
DA:20,0
DA:21,0
DA:22,0
DA:24,0
DA:29,8
DA:30,0
DA:31,0
DA:32,0
DA:33,0
DA:35,0
LF:21
LH:1
BRDA:7,0,0,0
BRDA:7,0,1,0
BRDA:14,1,0,0
BRDA:14,1,1,0
BRDA:14,2,0,0
BRDA:14,2,1,0
BRDA:30,3,0,0
BRDA:30,3,1,0
BRDA:30,4,0,0
BRDA:30,4,1,0
BRF:10
BRH:0
end_of_record
TN:
SF:src\middlewares\errorHandler.js
FN:1,errorHandler
FNF:1
FNH:0
FNDA:0,errorHandler
DA:2,0
DA:4,0
DA:5,0
DA:7,0
LF:4
LH:0
BRDA:4,0,0,0
BRDA:4,0,1,0
BRDA:5,1,0,0
BRDA:5,1,1,0
BRDA:9,2,0,0
BRDA:9,2,1,0
BRF:6
BRH:0
end_of_record
TN:
SF:src\middlewares\pet.middleware.js
FN:4,(anonymous_0)
FN:7,(anonymous_1)
FN:13,(anonymous_2)
FNF:3
FNH:0
FNDA:0,(anonymous_0)
FNDA:0,(anonymous_1)
FNDA:0,(anonymous_2)
DA:3,1
DA:5,0
DA:8,0
DA:9,0
DA:13,1
DA:14,0
DA:15,0
DA:17,0
DA:21,1
LF:9
LH:3
BRDA:14,0,0,0
BRDA:14,0,1,0
BRF:2
BRH:0
end_of_record
TN:
SF:src\models\adoption.model.js
FN:105,(anonymous_0)
FNF:1
FNH:0
FNDA:0,(anonymous_0)
DA:4,1
DA:105,1
DA:106,0
DA:107,0
DA:108,0
DA:110,0
DA:111,0
DA:113,0
LF:8
LH:2
BRDA:107,0,0,0
BRDA:107,0,1,0
BRDA:110,1,0,0
BRDA:110,1,1,0
BRF:4
BRH:0
end_of_record
TN:
SF:src\models\pendingUser.model.js
FNF:0
FNH:0
DA:4,1
LF:1
LH:1
BRF:0
BRH:0
end_of_record
TN:
SF:src\models\pet.model.js
FN:72,(anonymous_0)
FNF:1
FNH:0
FNDA:0,(anonymous_0)
DA:4,1
DA:72,1
DA:73,0
DA:74,0
DA:75,0
DA:77,0
DA:78,0
DA:80,0
LF:8
LH:2
BRDA:74,0,0,0
BRDA:74,0,1,0
BRDA:77,1,0,0
BRDA:77,1,1,0
BRF:4
BRH:0
end_of_record
TN:
SF:src\models\user.model.js
FN:55,(anonymous_0)
FNF:1
FNH:1
FNDA:4,(anonymous_0)
DA:4,1
DA:55,1
DA:56,4
DA:57,4
DA:58,4
DA:60,4
DA:61,4
DA:63,4
LF:8
LH:8
BRDA:57,0,0,4
BRDA:57,0,1,0
BRDA:60,1,0,4
BRDA:60,1,1,0
BRF:4
BRH:2
end_of_record
TN:
SF:src\repositories\adoption.repository.js
FN:6,(anonymous_0)
FN:10,(anonymous_1)
FN:30,(anonymous_2)
FN:55,(anonymous_3)
FN:78,(anonymous_4)
FN:85,(anonymous_5)
FNF:6
FNH:0
FNDA:0,(anonymous_0)
FNDA:0,(anonymous_1)
FNDA:0,(anonymous_2)
FNDA:0,(anonymous_3)
FNDA:0,(anonymous_4)
FNDA:0,(anonymous_5)
DA:5,1
DA:7,0
DA:11,0
DA:31,0
DA:56,0
DA:79,0
DA:80,0
DA:81,0
DA:83,0
DA:86,0
DA:87,0
DA:88,0
DA:90,0
DA:91,0
LF:14
LH:1
BRDA:80,0,0,0
BRDA:80,0,1,0
BRDA:87,1,0,0
BRDA:87,1,1,0
BRF:4
BRH:0
end_of_record
TN:
SF:src\repositories\pet.repository.js
FN:5,(anonymous_0)
FN:9,(anonymous_1)
FN:21,(anonymous_2)
FN:33,(anonymous_3)
FN:41,(anonymous_4)
FN:45,(anonymous_5)
FNF:6
FNH:0
FNDA:0,(anonymous_0)
FNDA:0,(anonymous_1)
FNDA:0,(anonymous_2)
FNDA:0,(anonymous_3)
FNDA:0,(anonymous_4)
FNDA:0,(anonymous_5)
DA:4,1
DA:6,0
DA:10,0
DA:22,0
DA:34,0
DA:35,0
DA:36,0
DA:38,0
DA:42,0
DA:46,0
DA:47,0
DA:48,0
DA:50,0
DA:51,0
LF:14
LH:1
BRDA:35,0,0,0
BRDA:35,0,1,0
BRDA:47,1,0,0
BRDA:47,1,1,0
BRF:4
BRH:0
end_of_record
TN:
SF:src\repositories\user.repository.js
FN:4,(anonymous_0)
FN:12,(anonymous_1)
FN:20,(anonymous_2)
FN:28,(anonymous_3)
FN:34,(anonymous_4)
FN:38,(anonymous_5)
FNF:6
FNH:4
FNDA:0,(anonymous_0)
FNDA:1,(anonymous_1)
FNDA:4,(anonymous_2)
FNDA:0,(anonymous_3)
FNDA:2,(anonymous_4)
FNDA:2,(anonymous_5)
DA:3,1
DA:5,0
DA:13,1
DA:21,4
DA:29,0
DA:35,2
DA:39,2
LF:7
LH:5
BRF:0
BRH:0
end_of_record
TN:
SF:src\routes\adoption.routes.js
FNF:0
FNH:0
DA:5,1
DA:7,1
DA:8,1
DA:9,1
DA:10,1
DA:11,1
LF:6
LH:6
BRF:0
BRH:0
end_of_record
TN:
SF:src\routes\auth.routes.js
FNF:0
FNH:0
DA:4,1
DA:6,1
DA:7,1
LF:3
LH:3
BRF:0
BRH:0
end_of_record
TN:
SF:src\routes\pet.routes.js
FNF:0
FNH:0
DA:7,1
DA:9,1
DA:10,1
DA:11,1
DA:12,1
DA:13,1
DA:14,1
LF:7
LH:7
BRF:0
BRH:0
end_of_record
TN:
SF:src\routes\user.routes.js
FNF:0
FNH:0
DA:4,1
DA:7,1
DA:8,1
DA:9,1
DA:10,1
DA:11,1
DA:12,1
LF:7
LH:7
BRF:0
BRH:0
end_of_record
TN:
SF:src\services\adoption.service.js
FN:6,(anonymous_0)
FN:10,(anonymous_1)
FN:30,(anonymous_2)
FN:34,(anonymous_3)
FN:44,(anonymous_4)
FN:49,(anonymous_5)
FN:54,(anonymous_6)
FNF:7
FNH:0
FNDA:0,(anonymous_0)
FNDA:0,(anonymous_1)
FNDA:0,(anonymous_2)
FNDA:0,(anonymous_3)
FNDA:0,(anonymous_4)
FNDA:0,(anonymous_5)
FNDA:0,(anonymous_6)
DA:5,1
DA:8,0
DA:9,0
DA:10,0
DA:12,0
DA:13,0
DA:14,0
DA:15,0
DA:19,0
DA:20,0
DA:21,0
DA:22,0
DA:27,0
DA:31,0
DA:35,0
DA:36,0
DA:37,0
DA:38,0
DA:39,0
DA:41,0
DA:46,0
DA:51,0
DA:55,0
LF:23
LH:1
BRDA:10,0,0,0
BRDA:10,0,1,0
BRDA:12,1,0,0
BRDA:12,1,1,0
BRDA:19,2,0,0
BRDA:19,2,1,0
BRDA:19,3,0,0
BRDA:19,3,1,0
BRDA:19,3,2,0
BRDA:19,3,3,0
BRDA:36,4,0,0
BRDA:36,4,1,0
BRF:12
BRH:0
end_of_record
TN:
SF:src\services\auth.service.js
FN:9,generateTokens
FN:25,login
FN:45,verifyToken
FN:57,refreshToken
FNF:4
FNH:0
FNDA:0,generateTokens
FNDA:0,login
FNDA:0,verifyToken
FNDA:0,refreshToken
DA:5,1
DA:6,1
DA:7,1
DA:10,0
DA:16,0
DA:22,0
DA:26,0
DA:28,0
DA:29,0
DA:30,0
DA:31,0
DA:34,0
DA:36,0
DA:37,0
DA:38,0
DA:39,0
DA:42,0
DA:46,0
DA:47,0
DA:49,0
DA:52,0
DA:53,0
DA:58,0
DA:59,0
DA:60,0
DA:62,0
DA:63,0
DA:64,0
LF:28
LH:3
BRDA:6,0,0,1
BRDA:6,0,1,0
BRDA:7,1,0,1
BRDA:7,1,1,0
BRDA:28,2,0,0
BRDA:28,2,1,0
BRDA:36,3,0,0
BRDA:36,3,1,0
BRDA:50,4,0,0
BRDA:50,4,1,0
BRF:10
BRH:2
end_of_record
TN:
SF:src\services\email.service.js
FN:16,(anonymous_0)
FNF:1
FNH:1
FNDA:1,(anonymous_0)
DA:3,1
DA:5,1
DA:16,1
DA:17,1
DA:29,1
DA:30,1
DA:31,1
DA:33,0
DA:34,0
LF:9
LH:7
BRF:0
BRH:0
end_of_record
TN:
SF:src\services\pet.service.js
FN:4,(anonymous_0)
FN:8,(anonymous_1)
FN:12,(anonymous_2)
FN:16,(anonymous_3)
FN:20,(anonymous_4)
FN:24,(anonymous_5)
FNF:6
FNH:0
FNDA:0,(anonymous_0)
FNDA:0,(anonymous_1)
FNDA:0,(anonymous_2)
FNDA:0,(anonymous_3)
FNDA:0,(anonymous_4)
FNDA:0,(anonymous_5)
DA:3,1
DA:5,0
DA:9,0
DA:13,0
DA:17,0
DA:21,0
DA:25,0
LF:7
LH:1
BRF:0
BRH:0
end_of_record
TN:
SF:src\services\user.service.js
FN:5,(anonymous_0)
FN:29,(anonymous_1)
FN:33,(anonymous_2)
FN:37,(anonymous_3)
FN:43,(anonymous_4)
FNF:5
FNH:4
FNDA:0,(anonymous_0)
FNDA:1,(anonymous_1)
FNDA:3,(anonymous_2)
FNDA:2,(anonymous_3)
FNDA:2,(anonymous_4)
DA:4,1
DA:6,0
DA:7,0
DA:8,0
DA:11,0
DA:12,0
DA:13,0
DA:16,0
DA:17,0
DA:18,0
DA:19,0
DA:22,0
DA:23,0
DA:24,0
DA:26,0
DA:30,1
DA:34,3
DA:38,2
DA:39,2
DA:40,1
DA:44,2
LF:21
LH:7
BRDA:7,0,0,0
BRDA:7,0,1,0
BRDA:12,1,0,0
BRDA:12,1,1,0
BRDA:16,2,0,0
BRDA:16,2,1,0
BRDA:39,3,0,1
BRDA:39,3,1,1
BRF:8
BRH:2
end_of_record
TN:
SF:src\utils\validations.js
FNF:0
FNH:0
DA:3,1
DA:10,1
DA:20,1
DA:30,1
DA:45,1
DA:60,1
DA:90,1
LF:7
LH:7
BRF:0
BRH:0
end_of_record
